{
  "chunk_index": 38,
  "chunk_count": 100,
  "items": 167,
  "status_counts": {
    "cross_exchange_collision": 2,
    "missing_from_official": 2,
    "name_mismatch": 2,
    "reference_gap": 111,
    "verified": 50
  },
  "finding_examples": [
    {
      "listing_key": "BATS::XRPR",
      "ticker": "XRPR",
      "exchange": "BATS",
      "asset_type": "ETF",
      "name": "XRPR",
      "country": "United States",
      "country_code": "US",
      "isin": "",
      "sector": "",
      "status": "name_mismatch",
      "reason": "Dataset name does not match official exchange directory name.",
      "official_reference_name": "REX-Osprey XRP ETF",
      "official_reference_source": "nasdaq_other_listed",
      "covered_by_official_directory": true,
      "cik": "",
      "figi": "",
      "lei": ""
    },
    {
      "listing_key": "NYSE ARCA::ACVT",
      "ticker": "ACVT",
      "exchange": "NYSE ARCA",
      "asset_type": "ETF",
      "name": "The RBB Fund Trust",
      "country": "United States",
      "country_code": "US",
      "isin": "",
      "sector": "",
      "status": "name_mismatch",
      "reason": "Dataset name does not match official exchange directory name.",
      "official_reference_name": "Advent Convertible Bond ETF",
      "official_reference_source": "nasdaq_other_listed",
      "covered_by_official_directory": true,
      "cik": "",
      "figi": "",
      "lei": ""
    },
    {
      "listing_key": "TWSE::00757",
      "ticker": "00757",
      "exchange": "TWSE",
      "asset_type": "ETF",
      "name": "UPAMC NYSE FANG+ ETF",
      "country": "Taiwan",
      "country_code": "TW",
      "isin": "TW0000075704",
      "sector": "",
      "status": "missing_from_official",
      "reason": "Symbol is absent from the active official exchange directory for this exchange.",
      "official_reference_name": "",
      "official_reference_source": "",
      "covered_by_official_directory": true,
      "cik": "",
      "figi": "",
      "lei": ""
    },
    {
      "listing_key": "TWSE::00982D",
      "ticker": "00982D",
      "exchange": "TWSE",
      "asset_type": "ETF",
      "name": "Fubon Global Dynamic Income Investment-Grade Bond Active ETF",
      "country": "Taiwan",
      "country_code": "TW",
      "isin": "",
      "sector": "",
      "status": "missing_from_official",
      "reason": "Symbol is absent from the active official exchange directory for this exchange.",
      "official_reference_name": "",
      "official_reference_source": "",
      "covered_by_official_directory": true,
      "cik": "",
      "figi": "",
      "lei": ""
    }
  ],
  "json_out": "data/etf_verification/run-20260406-etf-100/chunk-38-of-100.json",
  "csv_out": "data/etf_verification/run-20260406-etf-100/chunk-38-of-100.csv"
}
