{
  "chunk_index": 43,
  "chunk_count": 100,
  "items": 167,
  "status_counts": {
    "asset_type_mismatch": 2,
    "cross_exchange_collision": 4,
    "missing_from_official": 2,
    "name_mismatch": 2,
    "reference_gap": 110,
    "verified": 47
  },
  "finding_examples": [
    {
      "listing_key": "NYSE ARCA::DUKZ",
      "ticker": "DUKZ",
      "exchange": "NYSE ARCA",
      "asset_type": "ETF",
      "name": "Northern Lights Fund Trust",
      "country": "United States",
      "country_code": "US",
      "isin": "",
      "sector": "",
      "status": "name_mismatch",
      "reason": "Dataset name does not match official exchange directory name.",
      "official_reference_name": "Ocean Park Diversified Income ETF",
      "official_reference_source": "nasdaq_other_listed",
      "covered_by_official_directory": true,
      "cik": "",
      "figi": "",
      "lei": ""
    },
    {
      "listing_key": "NYSE ARCA::FNGD",
      "ticker": "FNGD",
      "exchange": "NYSE ARCA",
      "asset_type": "ETF",
      "name": "MicroSectors FANG+ Index -3X Inverse Leveraged ETN",
      "country": "United States",
      "country_code": "US",
      "isin": "US0636798649",
      "sector": "Trading",
      "status": "asset_type_mismatch",
      "reason": "Dataset asset_type=ETF but official reference says Stock.",
      "official_reference_name": "MicroSectors FANG  Index -3X Inverse Leveraged ETNs due January 8, 2038",
      "official_reference_source": "nasdaq_other_listed",
      "covered_by_official_directory": true,
      "cik": "0000927971",
      "figi": "",
      "lei": ""
    },
    {
      "listing_key": "NYSE ARCA::LCO",
      "ticker": "LCO",
      "exchange": "NYSE ARCA",
      "asset_type": "ETF",
      "name": "Tidal Trust IV",
      "country": "United States",
      "country_code": "US",
      "isin": "",
      "sector": "",
      "status": "name_mismatch",
      "reason": "Dataset name does not match official exchange directory name.",
      "official_reference_name": "LOGIQ Contrarian Opportunities ETF",
      "official_reference_source": "nasdaq_other_listed",
      "covered_by_official_directory": true,
      "cik": "",
      "figi": "",
      "lei": ""
    },
    {
      "listing_key": "NYSE ARCA::MLPB",
      "ticker": "MLPB",
      "exchange": "NYSE ARCA",
      "asset_type": "ETF",
      "name": "UBS AG London Branch ELKS 6",
      "country": "United States",
      "country_code": "US",
      "isin": "US90274D3825",
      "sector": "Developed Markets",
      "status": "asset_type_mismatch",
      "reason": "Dataset asset_type=ETF but official reference says Stock.",
      "official_reference_name": "ETRACS Alerian MLP Infrastructure Index ETN Series B due April 2, 2040",
      "official_reference_source": "nasdaq_other_listed",
      "covered_by_official_directory": true,
      "cik": "0001114446",
      "figi": "",
      "lei": ""
    },
    {
      "listing_key": "TWSE::00775B",
      "ticker": "00775B",
      "exchange": "TWSE",
      "asset_type": "ETF",
      "name": "Shin Kong FTSE 15 Years Investment Grade USD Corporate Bond ETF",
      "country": "Taiwan",
      "country_code": "TW",
      "isin": "TW00000775B6",
      "sector": "",
      "status": "missing_from_official",
      "reason": "Symbol is absent from the active official exchange directory for this exchange.",
      "official_reference_name": "",
      "official_reference_source": "",
      "covered_by_official_directory": true,
      "cik": "",
      "figi": "",
      "lei": ""
    },
    {
      "listing_key": "TWSE::00984D",
      "ticker": "00984D",
      "exchange": "TWSE",
      "asset_type": "ETF",
      "name": "ABITL Select Global Non-Investment Grade Bond Active ETF",
      "country": "Taiwan",
      "country_code": "TW",
      "isin": "",
      "sector": "",
      "status": "missing_from_official",
      "reason": "Symbol is absent from the active official exchange directory for this exchange.",
      "official_reference_name": "",
      "official_reference_source": "",
      "covered_by_official_directory": true,
      "cik": "",
      "figi": "",
      "lei": ""
    }
  ],
  "json_out": "data/etf_verification/run-20260406-etf-100/chunk-43-of-100.json",
  "csv_out": "data/etf_verification/run-20260406-etf-100/chunk-43-of-100.csv"
}
