{
  "chunk_index": 74,
  "chunk_count": 100,
  "items": 167,
  "status_counts": {
    "cross_exchange_collision": 1,
    "missing_from_official": 2,
    "name_mismatch": 1,
    "reference_gap": 111,
    "verified": 52
  },
  "finding_examples": [
    {
      "listing_key": "NYSE ARCA::SAGP",
      "ticker": "SAGP",
      "exchange": "NYSE ARCA",
      "asset_type": "ETF",
      "name": "The Advisorsa Inner Circle Fund III",
      "country": "United States",
      "country_code": "US",
      "isin": "US00775Y6529",
      "sector": "",
      "status": "name_mismatch",
      "reason": "Dataset name does not match official exchange directory name.",
      "official_reference_name": "Strategas Global Policy Opportunities ETF",
      "official_reference_source": "nasdaq_other_listed",
      "covered_by_official_directory": true,
      "cik": "",
      "figi": "",
      "lei": ""
    },
    {
      "listing_key": "TWSE::00650L",
      "ticker": "00650L",
      "exchange": "TWSE",
      "asset_type": "ETF",
      "name": "Fuh Hwa Daily Hang Seng Leveraged 2X ETF",
      "country": "Taiwan",
      "country_code": "TW",
      "isin": "TW00000650L0",
      "sector": "",
      "status": "missing_from_official",
      "reason": "Symbol is absent from the active official exchange directory for this exchange.",
      "official_reference_name": "",
      "official_reference_source": "",
      "covered_by_official_directory": true,
      "cik": "",
      "figi": "",
      "lei": ""
    },
    {
      "listing_key": "TWSE::00909",
      "ticker": "00909",
      "exchange": "TWSE",
      "asset_type": "ETF",
      "name": "Cathay Global Digital Payment Services\u00c2\u00a0ETF",
      "country": "Taiwan",
      "country_code": "TW",
      "isin": "",
      "sector": "",
      "status": "missing_from_official",
      "reason": "Symbol is absent from the active official exchange directory for this exchange.",
      "official_reference_name": "",
      "official_reference_source": "",
      "covered_by_official_directory": true,
      "cik": "",
      "figi": "",
      "lei": ""
    }
  ],
  "json_out": "data/etf_verification/run-20260406-etf-100/chunk-74-of-100.json",
  "csv_out": "data/etf_verification/run-20260406-etf-100/chunk-74-of-100.csv"
}
