{
  "chunk_index": 14,
  "chunk_count": 100,
  "items": 168,
  "status_counts": {
    "cross_exchange_collision": 4,
    "missing_from_official": 2,
    "name_mismatch": 1,
    "reference_gap": 110,
    "verified": 51
  },
  "finding_examples": [
    {
      "listing_key": "NYSE ARCA::PCIG",
      "ticker": "PCIG",
      "exchange": "NYSE ARCA",
      "asset_type": "ETF",
      "name": "Litman Gregory Funds Trust",
      "country": "United States",
      "country_code": "US",
      "isin": "",
      "sector": "",
      "status": "name_mismatch",
      "reason": "Dataset name does not match official exchange directory name.",
      "official_reference_name": "Polen Capital International Growth ETF",
      "official_reference_source": "nasdaq_other_listed",
      "covered_by_official_directory": true,
      "cik": "",
      "figi": "",
      "lei": ""
    },
    {
      "listing_key": "TWSE::00702",
      "ticker": "00702",
      "exchange": "TWSE",
      "asset_type": "ETF",
      "name": "Cathay S&P 500 Low Volatility High Dividend ETF",
      "country": "Taiwan",
      "country_code": "TW",
      "isin": "TW0000070200",
      "sector": "",
      "status": "missing_from_official",
      "reason": "Symbol is absent from the active official exchange directory for this exchange.",
      "official_reference_name": "",
      "official_reference_source": "",
      "covered_by_official_directory": true,
      "cik": "",
      "figi": "",
      "lei": ""
    },
    {
      "listing_key": "TWSE::00962",
      "ticker": "00962",
      "exchange": "TWSE",
      "asset_type": "ETF",
      "name": "Taishin Taiwan AI High Dividend and Momentum ETF",
      "country": "Taiwan",
      "country_code": "TW",
      "isin": "",
      "sector": "",
      "status": "missing_from_official",
      "reason": "Symbol is absent from the active official exchange directory for this exchange.",
      "official_reference_name": "",
      "official_reference_source": "",
      "covered_by_official_directory": true,
      "cik": "",
      "figi": "",
      "lei": ""
    }
  ],
  "json_out": "data/etf_verification/run-20260406-etf-100/chunk-14-of-100.json",
  "csv_out": "data/etf_verification/run-20260406-etf-100/chunk-14-of-100.csv"
}
