{
  "chunk_index": 100,
  "chunk_count": 100,
  "items": 167,
  "status_counts": {
    "cross_exchange_collision": 1,
    "missing_from_official": 2,
    "name_mismatch": 1,
    "reference_gap": 107,
    "verified": 56
  },
  "finding_examples": [
    {
      "listing_key": "NYSE ARCA::CTWO",
      "ticker": "CTWO",
      "exchange": "NYSE ARCA",
      "asset_type": "ETF",
      "name": "COtwo Advisors Physical European Carbon Allowance Trust",
      "country": "United States",
      "country_code": "US",
      "isin": "",
      "sector": "",
      "status": "name_mismatch",
      "reason": "Dataset name does not match official exchange directory name.",
      "official_reference_name": "Common units",
      "official_reference_source": "nasdaq_other_listed",
      "covered_by_official_directory": true,
      "cik": "0001958928",
      "figi": "",
      "lei": ""
    },
    {
      "listing_key": "TWSE::00680L",
      "ticker": "00680L",
      "exchange": "TWSE",
      "asset_type": "ETF",
      "name": "Yuanta Securities Investment Trust Co. Ltd - Yuanta Daily UST 20+ 2x ETF",
      "country": "Taiwan",
      "country_code": "TW",
      "isin": "",
      "sector": "",
      "status": "missing_from_official",
      "reason": "Symbol is absent from the active official exchange directory for this exchange.",
      "official_reference_name": "",
      "official_reference_source": "",
      "covered_by_official_directory": true,
      "cik": "",
      "figi": "",
      "lei": ""
    },
    {
      "listing_key": "TWSE::00941",
      "ticker": "00941",
      "exchange": "TWSE",
      "asset_type": "ETF",
      "name": "China Mobile Ltd",
      "country": "Taiwan",
      "country_code": "TW",
      "isin": "",
      "sector": "",
      "status": "missing_from_official",
      "reason": "Symbol is absent from the active official exchange directory for this exchange.",
      "official_reference_name": "",
      "official_reference_source": "",
      "covered_by_official_directory": true,
      "cik": "",
      "figi": "",
      "lei": ""
    }
  ],
  "json_out": "data/etf_verification/run-20260406-etf-100/chunk-100-of-100.json",
  "csv_out": "data/etf_verification/run-20260406-etf-100/chunk-100-of-100.csv"
}
