{
  "chunk_index": 59,
  "chunk_count": 100,
  "items": 167,
  "status_counts": {
    "asset_type_mismatch": 1,
    "cross_exchange_collision": 3,
    "missing_from_official": 3,
    "name_mismatch": 1,
    "reference_gap": 106,
    "verified": 53
  },
  "finding_examples": [
    {
      "listing_key": "NASDAQ::SKK",
      "ticker": "SKK",
      "exchange": "NASDAQ",
      "asset_type": "ETF",
      "name": "PROSHARES ULTRASHORT RUSSELL 2000 GROWTH",
      "country": "Canada",
      "country_code": "CA",
      "isin": "CA86332H1001",
      "sector": "Industrials",
      "status": "asset_type_mismatch",
      "reason": "Dataset asset_type=ETF but official reference says Stock.",
      "official_reference_name": "SKK Holdings Limited - Class A Ordinary Shares",
      "official_reference_source": "nasdaq_listed",
      "covered_by_official_directory": true,
      "cik": "0001991261",
      "figi": "",
      "lei": ""
    },
    {
      "listing_key": "NYSE ARCA::SHUS",
      "ticker": "SHUS",
      "exchange": "NYSE ARCA",
      "asset_type": "ETF",
      "name": "Exchange Listed Funds Trust",
      "country": "United States",
      "country_code": "US",
      "isin": "US87166N5023",
      "sector": "",
      "status": "name_mismatch",
      "reason": "Dataset name does not match official exchange directory name.",
      "official_reference_name": "Stratified LargeCap Hedged ETF",
      "official_reference_source": "nasdaq_other_listed",
      "covered_by_official_directory": true,
      "cik": "",
      "figi": "",
      "lei": ""
    },
    {
      "listing_key": "TWSE::00634R",
      "ticker": "00634R",
      "exchange": "TWSE",
      "asset_type": "ETF",
      "name": "Fubon SSE180 Inversed",
      "country": "Taiwan",
      "country_code": "TW",
      "isin": "TW00000634R1",
      "sector": "Emerging Markets",
      "status": "missing_from_official",
      "reason": "Symbol is absent from the active official exchange directory for this exchange.",
      "official_reference_name": "",
      "official_reference_source": "",
      "covered_by_official_directory": true,
      "cik": "",
      "figi": "",
      "lei": ""
    },
    {
      "listing_key": "TWSE::00893",
      "ticker": "00893",
      "exchange": "TWSE",
      "asset_type": "ETF",
      "name": "Cathay Global Autonomous and Electric Vehicles ETF",
      "country": "Taiwan",
      "country_code": "TW",
      "isin": "TW0000089309",
      "sector": "",
      "status": "missing_from_official",
      "reason": "Symbol is absent from the active official exchange directory for this exchange.",
      "official_reference_name": "",
      "official_reference_source": "",
      "covered_by_official_directory": true,
      "cik": "",
      "figi": "",
      "lei": ""
    },
    {
      "listing_key": "TWSE::01004T",
      "ticker": "01004T",
      "exchange": "TWSE",
      "asset_type": "ETF",
      "name": "Fubon No.2 Real Estate Investment Trust",
      "country": "Taiwan",
      "country_code": "TW",
      "isin": "TW00001004T2",
      "sector": "Real Estate",
      "status": "missing_from_official",
      "reason": "Symbol is absent from the active official exchange directory for this exchange.",
      "official_reference_name": "",
      "official_reference_source": "",
      "covered_by_official_directory": true,
      "cik": "",
      "figi": "",
      "lei": ""
    }
  ],
  "json_out": "data/etf_verification/run-20260406-etf-100/chunk-59-of-100.json",
  "csv_out": "data/etf_verification/run-20260406-etf-100/chunk-59-of-100.csv"
}
