{
  "chunk_index": 28,
  "chunk_count": 100,
  "items": 167,
  "status_counts": {
    "asset_type_mismatch": 1,
    "cross_exchange_collision": 1,
    "missing_from_official": 2,
    "name_mismatch": 1,
    "reference_gap": 110,
    "verified": 52
  },
  "finding_examples": [
    {
      "listing_key": "NYSE ARCA::FMCE",
      "ticker": "FMCE",
      "exchange": "NYSE ARCA",
      "asset_type": "ETF",
      "name": "Northern Lights Fund Trust IV",
      "country": "United States",
      "country_code": "US",
      "isin": "",
      "sector": "",
      "status": "name_mismatch",
      "reason": "Dataset name does not match official exchange directory name.",
      "official_reference_name": "FM Compounders Equity ETF",
      "official_reference_source": "nasdaq_other_listed",
      "covered_by_official_directory": true,
      "cik": "",
      "figi": "",
      "lei": ""
    },
    {
      "listing_key": "NYSE ARCA::PFFL",
      "ticker": "PFFL",
      "exchange": "NYSE ARCA",
      "asset_type": "ETF",
      "name": "ETRACS 2xMonthly Pay Leveraged Preferred Stock Index ETN",
      "country": "United States",
      "country_code": "US",
      "isin": "US90274E1745",
      "sector": "Corporate Bonds",
      "status": "asset_type_mismatch",
      "reason": "Dataset asset_type=ETF but official reference says Stock.",
      "official_reference_name": "ETRACS 2xMonthly Pay Leveraged Preferred Stock Index ETN due September 25, 2048",
      "official_reference_source": "nasdaq_other_listed",
      "covered_by_official_directory": true,
      "cik": "0001114446",
      "figi": "",
      "lei": ""
    },
    {
      "listing_key": "TWSE::00730",
      "ticker": "00730",
      "exchange": "TWSE",
      "asset_type": "ETF",
      "name": "Fubon Dow Jones Taiwan High-Quality Dividend 30 ETF",
      "country": "Taiwan",
      "country_code": "TW",
      "isin": "TW0000073006",
      "sector": "",
      "status": "missing_from_official",
      "reason": "Symbol is absent from the active official exchange directory for this exchange.",
      "official_reference_name": "",
      "official_reference_source": "",
      "covered_by_official_directory": true,
      "cik": "",
      "figi": "",
      "lei": ""
    },
    {
      "listing_key": "TWSE::00980A",
      "ticker": "00980A",
      "exchange": "TWSE",
      "asset_type": "ETF",
      "name": "Nomura Taiwan SMART Select Active ETF",
      "country": "Taiwan",
      "country_code": "TW",
      "isin": "",
      "sector": "",
      "status": "missing_from_official",
      "reason": "Symbol is absent from the active official exchange directory for this exchange.",
      "official_reference_name": "",
      "official_reference_source": "",
      "covered_by_official_directory": true,
      "cik": "",
      "figi": "",
      "lei": ""
    }
  ],
  "json_out": "data/etf_verification/run-20260406-etf-100/chunk-28-of-100.json",
  "csv_out": "data/etf_verification/run-20260406-etf-100/chunk-28-of-100.csv"
}
