{
  "chunk_index": 58,
  "chunk_count": 100,
  "items": 167,
  "status_counts": {
    "cross_exchange_collision": 3,
    "missing_from_official": 3,
    "name_mismatch": 2,
    "reference_gap": 108,
    "verified": 51
  },
  "finding_examples": [
    {
      "listing_key": "BATS::GLXU",
      "ticker": "GLXU",
      "exchange": "BATS",
      "asset_type": "ETF",
      "name": "GLXU",
      "country": "United States",
      "country_code": "US",
      "isin": "",
      "sector": "",
      "status": "name_mismatch",
      "reason": "Dataset name does not match official exchange directory name.",
      "official_reference_name": "T-REX 2X Long GLXY Daily Target ETF",
      "official_reference_source": "nasdaq_other_listed",
      "covered_by_official_directory": true,
      "cik": "",
      "figi": "",
      "lei": ""
    },
    {
      "listing_key": "NYSE ARCA::BTR",
      "ticker": "BTR",
      "exchange": "NYSE ARCA",
      "asset_type": "ETF",
      "name": "Northern Lights Fund Trust II",
      "country": "Australia",
      "country_code": "AU",
      "isin": "AU0000126633",
      "sector": "Materials",
      "status": "name_mismatch",
      "reason": "Dataset name does not match official exchange directory name.",
      "official_reference_name": "Beacon Tactical Risk ETF",
      "official_reference_source": "nasdaq_other_listed",
      "covered_by_official_directory": true,
      "cik": "",
      "figi": "",
      "lei": ""
    },
    {
      "listing_key": "TWSE::00633L",
      "ticker": "00633L",
      "exchange": "TWSE",
      "asset_type": "ETF",
      "name": "Fubon SSE180 Leveraged 2X",
      "country": "Taiwan",
      "country_code": "TW",
      "isin": "TW00000633L6",
      "sector": "Emerging Markets",
      "status": "missing_from_official",
      "reason": "Symbol is absent from the active official exchange directory for this exchange.",
      "official_reference_name": "",
      "official_reference_source": "",
      "covered_by_official_directory": true,
      "cik": "",
      "figi": "",
      "lei": ""
    },
    {
      "listing_key": "TWSE::00892",
      "ticker": "00892",
      "exchange": "TWSE",
      "asset_type": "ETF",
      "name": "Fubon Asset Management Co Ltd - Fubon ICE FactSet Taiwan Core Semiconductor ETF",
      "country": "Taiwan",
      "country_code": "TW",
      "isin": "",
      "sector": "",
      "status": "missing_from_official",
      "reason": "Symbol is absent from the active official exchange directory for this exchange.",
      "official_reference_name": "",
      "official_reference_source": "",
      "covered_by_official_directory": true,
      "cik": "",
      "figi": "",
      "lei": ""
    },
    {
      "listing_key": "TWSE::01002T",
      "ticker": "01002T",
      "exchange": "TWSE",
      "asset_type": "ETF",
      "name": "Cathay No.1 REIT",
      "country": "Taiwan",
      "country_code": "TW",
      "isin": "TW00001002T6",
      "sector": "Real Estate",
      "status": "missing_from_official",
      "reason": "Symbol is absent from the active official exchange directory for this exchange.",
      "official_reference_name": "",
      "official_reference_source": "",
      "covered_by_official_directory": true,
      "cik": "",
      "figi": "",
      "lei": ""
    }
  ],
  "json_out": "data/etf_verification/run-20260406-etf-100/chunk-58-of-100.json",
  "csv_out": "data/etf_verification/run-20260406-etf-100/chunk-58-of-100.csv"
}
