{
  "chunk_index": 34,
  "chunk_count": 100,
  "items": 167,
  "status_counts": {
    "cross_exchange_collision": 1,
    "missing_from_official": 2,
    "name_mismatch": 2,
    "reference_gap": 107,
    "verified": 55
  },
  "finding_examples": [
    {
      "listing_key": "NYSE ARCA::CLOX",
      "ticker": "CLOX",
      "exchange": "NYSE ARCA",
      "asset_type": "ETF",
      "name": "Series Portfolios Trust",
      "country": "United States",
      "country_code": "US",
      "isin": "US81752T4866",
      "sector": "",
      "status": "name_mismatch",
      "reason": "Dataset name does not match official exchange directory name.",
      "official_reference_name": "Eldridge AAA CLO ETF",
      "official_reference_source": "nasdaq_other_listed",
      "covered_by_official_directory": true,
      "cik": "",
      "figi": "",
      "lei": ""
    },
    {
      "listing_key": "NYSE ARCA::SEMG",
      "ticker": "SEMG",
      "exchange": "NYSE ARCA",
      "asset_type": "ETF",
      "name": "EA Series Trust",
      "country": "Israel",
      "country_code": "IL",
      "isin": "IL0002490113",
      "sector": "Financials",
      "status": "name_mismatch",
      "reason": "Dataset name does not match official exchange directory name.",
      "official_reference_name": "Suncoast Select Growth ETF",
      "official_reference_source": "nasdaq_other_listed",
      "covered_by_official_directory": true,
      "cik": "",
      "figi": "",
      "lei": ""
    },
    {
      "listing_key": "TWSE::00738U",
      "ticker": "00738U",
      "exchange": "TWSE",
      "asset_type": "ETF",
      "name": "Yuanta DJCI Silver ER Futures",
      "country": "Taiwan",
      "country_code": "TW",
      "isin": "TW00000738U4",
      "sector": "",
      "status": "missing_from_official",
      "reason": "Symbol is absent from the active official exchange directory for this exchange.",
      "official_reference_name": "",
      "official_reference_source": "",
      "covered_by_official_directory": true,
      "cik": "",
      "figi": "",
      "lei": ""
    },
    {
      "listing_key": "TWSE::009818",
      "ticker": "009818",
      "exchange": "TWSE",
      "asset_type": "ETF",
      "name": "Hua Nan NASDAQ 100 Technology ETF",
      "country": "Taiwan",
      "country_code": "TW",
      "isin": "",
      "sector": "",
      "status": "missing_from_official",
      "reason": "Symbol is absent from the active official exchange directory for this exchange.",
      "official_reference_name": "",
      "official_reference_source": "",
      "covered_by_official_directory": true,
      "cik": "",
      "figi": "",
      "lei": ""
    }
  ],
  "json_out": "data/etf_verification/run-20260406-etf-100/chunk-34-of-100.json",
  "csv_out": "data/etf_verification/run-20260406-etf-100/chunk-34-of-100.csv"
}
