{
  "chunk_index": 5,
  "chunk_count": 100,
  "items": 168,
  "status_counts": {
    "cross_exchange_collision": 6,
    "missing_from_official": 2,
    "name_mismatch": 1,
    "reference_gap": 105,
    "verified": 54
  },
  "finding_examples": [
    {
      "listing_key": "NYSE ARCA::SURE",
      "ticker": "SURE",
      "exchange": "NYSE ARCA",
      "asset_type": "ETF",
      "name": "Sonora Resources Corp",
      "country": "United Kingdom",
      "country_code": "GB",
      "isin": "GB00BYWYZ460",
      "sector": "Financials",
      "status": "name_mismatch",
      "reason": "Dataset name does not match official exchange directory name.",
      "official_reference_name": "AdvisorShares Insider Advantage ETF",
      "official_reference_source": "nasdaq_other_listed",
      "covered_by_official_directory": true,
      "cik": "",
      "figi": "",
      "lei": ""
    },
    {
      "listing_key": "TWSE::00685L",
      "ticker": "00685L",
      "exchange": "TWSE",
      "asset_type": "ETF",
      "name": "Capital Taiex Daily Leveraged 2X",
      "country": "Taiwan",
      "country_code": "TW",
      "isin": "TW00000685L6",
      "sector": "",
      "status": "missing_from_official",
      "reason": "Symbol is absent from the active official exchange directory for this exchange.",
      "official_reference_name": "",
      "official_reference_source": "",
      "covered_by_official_directory": true,
      "cik": "",
      "figi": "",
      "lei": ""
    },
    {
      "listing_key": "TWSE::00947",
      "ticker": "00947",
      "exchange": "TWSE",
      "asset_type": "ETF",
      "name": "Taishin Taiwan IC Design and Momentum ETF",
      "country": "Taiwan",
      "country_code": "TW",
      "isin": "",
      "sector": "",
      "status": "missing_from_official",
      "reason": "Symbol is absent from the active official exchange directory for this exchange.",
      "official_reference_name": "",
      "official_reference_source": "",
      "covered_by_official_directory": true,
      "cik": "",
      "figi": "",
      "lei": ""
    }
  ],
  "json_out": "data/etf_verification/run-20260406-etf-100/chunk-05-of-100.json",
  "csv_out": "data/etf_verification/run-20260406-etf-100/chunk-05-of-100.csv"
}
