{
  "chunk_index": 77,
  "chunk_count": 100,
  "items": 167,
  "status_counts": {
    "cross_exchange_collision": 4,
    "missing_from_official": 2,
    "reference_gap": 112,
    "verified": 49
  },
  "finding_examples": [
    {
      "listing_key": "TWSE::00653L",
      "ticker": "00653L",
      "exchange": "TWSE",
      "asset_type": "ETF",
      "name": "Fubon Nifty 2X Leveraged",
      "country": "Taiwan",
      "country_code": "TW",
      "isin": "TW00000653L4",
      "sector": "",
      "status": "missing_from_official",
      "reason": "Symbol is absent from the active official exchange directory for this exchange.",
      "official_reference_name": "",
      "official_reference_source": "",
      "covered_by_official_directory": true,
      "cik": "",
      "figi": "",
      "lei": ""
    },
    {
      "listing_key": "TWSE::00912",
      "ticker": "00912",
      "exchange": "TWSE",
      "asset_type": "ETF",
      "name": "CTBC TIP Customized Taiwan Smart Factor 50 ETF",
      "country": "Taiwan",
      "country_code": "TW",
      "isin": "",
      "sector": "",
      "status": "missing_from_official",
      "reason": "Symbol is absent from the active official exchange directory for this exchange.",
      "official_reference_name": "",
      "official_reference_source": "",
      "covered_by_official_directory": true,
      "cik": "",
      "figi": "",
      "lei": ""
    }
  ],
  "json_out": "data/etf_verification/run-20260406-etf-100/chunk-77-of-100.json",
  "csv_out": "data/etf_verification/run-20260406-etf-100/chunk-77-of-100.csv"
}
