{
  "chunk_index": 94,
  "chunk_count": 100,
  "items": 167,
  "status_counts": {
    "asset_type_mismatch": 1,
    "cross_exchange_collision": 3,
    "missing_from_official": 2,
    "reference_gap": 108,
    "verified": 53
  },
  "finding_examples": [
    {
      "listing_key": "NYSE ARCA::DGZ",
      "ticker": "DGZ",
      "exchange": "NYSE ARCA",
      "asset_type": "ETF",
      "name": "DB Gold Short ETN",
      "country": "United States",
      "country_code": "US",
      "isin": "US25154H7310",
      "sector": "Trading",
      "status": "asset_type_mismatch",
      "reason": "Dataset asset_type=ETF but official reference says Stock.",
      "official_reference_name": "DB Gold Short ETN due February 15, 2038",
      "official_reference_source": "nasdaq_other_listed",
      "covered_by_official_directory": true,
      "cik": "0001159508",
      "figi": "",
      "lei": ""
    },
    {
      "listing_key": "TWSE::00671R",
      "ticker": "00671R",
      "exchange": "TWSE",
      "asset_type": "ETF",
      "name": "Fubon NASDAQ-100 -1X Inverse Index ETF",
      "country": "Taiwan",
      "country_code": "TW",
      "isin": "",
      "sector": "",
      "status": "missing_from_official",
      "reason": "Symbol is absent from the active official exchange directory for this exchange.",
      "official_reference_name": "",
      "official_reference_source": "",
      "covered_by_official_directory": true,
      "cik": "",
      "figi": "",
      "lei": ""
    },
    {
      "listing_key": "TWSE::00934",
      "ticker": "00934",
      "exchange": "TWSE",
      "asset_type": "ETF",
      "name": "CTBC TIP Customized Taiwan Growth and High Dividend ETF",
      "country": "Taiwan",
      "country_code": "TW",
      "isin": "",
      "sector": "",
      "status": "missing_from_official",
      "reason": "Symbol is absent from the active official exchange directory for this exchange.",
      "official_reference_name": "",
      "official_reference_source": "",
      "covered_by_official_directory": true,
      "cik": "",
      "figi": "",
      "lei": ""
    }
  ],
  "json_out": "data/etf_verification/run-20260406-etf-100/chunk-94-of-100.json",
  "csv_out": "data/etf_verification/run-20260406-etf-100/chunk-94-of-100.csv"
}
