{
  "chunk_index": 15,
  "chunk_count": 100,
  "items": 168,
  "status_counts": {
    "asset_type_mismatch": 1,
    "cross_exchange_collision": 4,
    "missing_from_official": 2,
    "name_mismatch": 1,
    "reference_gap": 111,
    "verified": 49
  },
  "finding_examples": [
    {
      "listing_key": "NYSE ARCA::DJP",
      "ticker": "DJP",
      "exchange": "NYSE ARCA",
      "asset_type": "ETF",
      "name": "iPath\u00ae Bloomberg Commodity Index Total Return(SM) ETN",
      "country": "United States",
      "country_code": "US",
      "isin": "US06738C7781",
      "sector": "Commodities Broad Basket",
      "status": "asset_type_mismatch",
      "reason": "Dataset asset_type=ETF but official reference says Stock.",
      "official_reference_name": "iPath Bloomberg Commodity Index Total Return ETN",
      "official_reference_source": "nasdaq_other_listed",
      "covered_by_official_directory": true,
      "cik": "0000312070",
      "figi": "",
      "lei": ""
    },
    {
      "listing_key": "NYSE ARCA::PCLG",
      "ticker": "PCLG",
      "exchange": "NYSE ARCA",
      "asset_type": "ETF",
      "name": "FundVantage Trust",
      "country": "United States",
      "country_code": "US",
      "isin": "",
      "sector": "",
      "status": "name_mismatch",
      "reason": "Dataset name does not match official exchange directory name.",
      "official_reference_name": "Polen Focus Growth ETF",
      "official_reference_source": "nasdaq_other_listed",
      "covered_by_official_directory": true,
      "cik": "",
      "figi": "",
      "lei": ""
    },
    {
      "listing_key": "TWSE::00703",
      "ticker": "00703",
      "exchange": "TWSE",
      "asset_type": "ETF",
      "name": "Taishin MSCI China",
      "country": "Taiwan",
      "country_code": "TW",
      "isin": "TW0000070309",
      "sector": "Emerging Markets",
      "status": "missing_from_official",
      "reason": "Symbol is absent from the active official exchange directory for this exchange.",
      "official_reference_name": "",
      "official_reference_source": "",
      "covered_by_official_directory": true,
      "cik": "",
      "figi": "",
      "lei": ""
    },
    {
      "listing_key": "TWSE::00963",
      "ticker": "00963",
      "exchange": "TWSE",
      "asset_type": "ETF",
      "name": "00963",
      "country": "Taiwan",
      "country_code": "TW",
      "isin": "",
      "sector": "",
      "status": "missing_from_official",
      "reason": "Symbol is absent from the active official exchange directory for this exchange.",
      "official_reference_name": "",
      "official_reference_source": "",
      "covered_by_official_directory": true,
      "cik": "",
      "figi": "",
      "lei": ""
    }
  ],
  "json_out": "data/etf_verification/run-20260406-etf-100/chunk-15-of-100.json",
  "csv_out": "data/etf_verification/run-20260406-etf-100/chunk-15-of-100.csv"
}
