{
  "chunk_index": 81,
  "chunk_count": 100,
  "items": 167,
  "status_counts": {
    "asset_type_mismatch": 1,
    "cross_exchange_collision": 1,
    "missing_from_official": 2,
    "name_mismatch": 2,
    "reference_gap": 110,
    "verified": 51
  },
  "finding_examples": [
    {
      "listing_key": "BATS::GTOS",
      "ticker": "GTOS",
      "exchange": "BATS",
      "asset_type": "ETF",
      "name": "Gantos Inc",
      "country": "United States",
      "country_code": "US",
      "isin": "US65343D1000",
      "sector": "",
      "status": "name_mismatch",
      "reason": "Dataset name does not match official exchange directory name.",
      "official_reference_name": "Invesco Short Duration Total Return Bond ETF",
      "official_reference_source": "nasdaq_other_listed",
      "covered_by_official_directory": true,
      "cik": "",
      "figi": "",
      "lei": ""
    },
    {
      "listing_key": "NYSE ARCA::AMUB",
      "ticker": "AMUB",
      "exchange": "NYSE ARCA",
      "asset_type": "ETF",
      "name": "UBS AG London Branch ELKS 5",
      "country": "United States",
      "country_code": "US",
      "isin": "US90274D3742",
      "sector": "Energy",
      "status": "asset_type_mismatch",
      "reason": "Dataset asset_type=ETF but official reference says Stock.",
      "official_reference_name": "ETRACS Alerian MLP Index ETN Series B due July 18, 2042",
      "official_reference_source": "nasdaq_other_listed",
      "covered_by_official_directory": true,
      "cik": "0001114446",
      "figi": "",
      "lei": ""
    },
    {
      "listing_key": "NYSE ARCA::PRIV",
      "ticker": "PRIV",
      "exchange": "NYSE ARCA",
      "asset_type": "ETF",
      "name": "SSGA Active Trust",
      "country": "United States",
      "country_code": "US",
      "isin": "",
      "sector": "",
      "status": "name_mismatch",
      "reason": "Dataset name does not match official exchange directory name.",
      "official_reference_name": "State Street IG Public & Private Credit ETF",
      "official_reference_source": "nasdaq_other_listed",
      "covered_by_official_directory": true,
      "cik": "",
      "figi": "",
      "lei": ""
    },
    {
      "listing_key": "TWSE::00657",
      "ticker": "00657",
      "exchange": "TWSE",
      "asset_type": "ETF",
      "name": "Cathay Nikkei 225 Currency-hedged",
      "country": "Taiwan",
      "country_code": "TW",
      "isin": "TW0000065705",
      "sector": "",
      "status": "missing_from_official",
      "reason": "Symbol is absent from the active official exchange directory for this exchange.",
      "official_reference_name": "",
      "official_reference_source": "",
      "covered_by_official_directory": true,
      "cik": "",
      "figi": "",
      "lei": ""
    },
    {
      "listing_key": "TWSE::00917",
      "ticker": "00917",
      "exchange": "TWSE",
      "asset_type": "ETF",
      "name": "CTBC Selected Financials and Data Industry ETF",
      "country": "Taiwan",
      "country_code": "TW",
      "isin": "",
      "sector": "",
      "status": "missing_from_official",
      "reason": "Symbol is absent from the active official exchange directory for this exchange.",
      "official_reference_name": "",
      "official_reference_source": "",
      "covered_by_official_directory": true,
      "cik": "",
      "figi": "",
      "lei": ""
    }
  ],
  "json_out": "data/etf_verification/run-20260406-etf-100/chunk-81-of-100.json",
  "csv_out": "data/etf_verification/run-20260406-etf-100/chunk-81-of-100.csv"
}
