{
  "chunk_index": 21,
  "chunk_count": 100,
  "items": 167,
  "status_counts": {
    "cross_exchange_collision": 4,
    "missing_from_official": 2,
    "name_mismatch": 1,
    "reference_gap": 109,
    "verified": 51
  },
  "finding_examples": [
    {
      "listing_key": "NYSE ARCA::TAGG",
      "ticker": "TAGG",
      "exchange": "NYSE ARCA",
      "asset_type": "ETF",
      "name": "TagLikeMe Corp",
      "country": "United States",
      "country_code": "US",
      "isin": "US87378P1057",
      "sector": "",
      "status": "name_mismatch",
      "reason": "Dataset name does not match official exchange directory name.",
      "official_reference_name": "T. Rowe Price QM U.S. Bond ETF",
      "official_reference_source": "nasdaq_other_listed",
      "covered_by_official_directory": true,
      "cik": "",
      "figi": "",
      "lei": ""
    },
    {
      "listing_key": "TWSE::00711B",
      "ticker": "00711B",
      "exchange": "TWSE",
      "asset_type": "ETF",
      "name": "Fuh Hwa Emerging Market 10+ Yr Bond ETF",
      "country": "Taiwan",
      "country_code": "TW",
      "isin": "TW00000711B1",
      "sector": "Emerging Markets",
      "status": "missing_from_official",
      "reason": "Symbol is absent from the active official exchange directory for this exchange.",
      "official_reference_name": "",
      "official_reference_source": "",
      "covered_by_official_directory": true,
      "cik": "",
      "figi": "",
      "lei": ""
    },
    {
      "listing_key": "TWSE::009801",
      "ticker": "009801",
      "exchange": "TWSE",
      "asset_type": "ETF",
      "name": "CTBC US Innovation Technology ETF",
      "country": "Taiwan",
      "country_code": "TW",
      "isin": "",
      "sector": "",
      "status": "missing_from_official",
      "reason": "Symbol is absent from the active official exchange directory for this exchange.",
      "official_reference_name": "",
      "official_reference_source": "",
      "covered_by_official_directory": true,
      "cik": "",
      "figi": "",
      "lei": ""
    }
  ],
  "json_out": "data/etf_verification/run-20260406-etf-100/chunk-21-of-100.json",
  "csv_out": "data/etf_verification/run-20260406-etf-100/chunk-21-of-100.csv"
}
