{
  "chunk_index": 92,
  "chunk_count": 100,
  "items": 167,
  "status_counts": {
    "asset_type_mismatch": 1,
    "cross_exchange_collision": 2,
    "missing_from_official": 2,
    "name_mismatch": 1,
    "reference_gap": 108,
    "verified": 53
  },
  "finding_examples": [
    {
      "listing_key": "BATS::VXZ",
      "ticker": "VXZ",
      "exchange": "BATS",
      "asset_type": "ETF",
      "name": "iPath\u00ae Series B S&P 500\u00ae VIX Mid-Term Futures ETN",
      "country": "United States",
      "country_code": "US",
      "isin": "US06746P6135",
      "sector": "Financials",
      "status": "asset_type_mismatch",
      "reason": "Dataset asset_type=ETF but official reference says Stock.",
      "official_reference_name": "iPath Series B S&P 500 VIX Mid-Term Futures ETN",
      "official_reference_source": "nasdaq_other_listed",
      "covered_by_official_directory": true,
      "cik": "",
      "figi": "",
      "lei": ""
    },
    {
      "listing_key": "NYSE ARCA::SSPY",
      "ticker": "SSPY",
      "exchange": "NYSE ARCA",
      "asset_type": "ETF",
      "name": "Exchange Listed Funds Trust",
      "country": "United States",
      "country_code": "US",
      "isin": "US87166N1063",
      "sector": "Large Cap",
      "status": "name_mismatch",
      "reason": "Dataset name does not match official exchange directory name.",
      "official_reference_name": "Stratified LargeCap Index ETF",
      "official_reference_source": "nasdaq_other_listed",
      "covered_by_official_directory": true,
      "cik": "",
      "figi": "",
      "lei": ""
    },
    {
      "listing_key": "TWSE::00669R",
      "ticker": "00669R",
      "exchange": "TWSE",
      "asset_type": "ETF",
      "name": "Cathay DJIA Inv 1X ETF",
      "country": "Taiwan",
      "country_code": "TW",
      "isin": "",
      "sector": "Large Cap",
      "status": "missing_from_official",
      "reason": "Symbol is absent from the active official exchange directory for this exchange.",
      "official_reference_name": "",
      "official_reference_source": "",
      "covered_by_official_directory": true,
      "cik": "",
      "figi": "",
      "lei": ""
    },
    {
      "listing_key": "TWSE::00930",
      "ticker": "00930",
      "exchange": "TWSE",
      "asset_type": "ETF",
      "name": "Sinopac Secs Inv TR Co LTD-TAIWAN Esg Low Carbon High Dividend Etf",
      "country": "Taiwan",
      "country_code": "TW",
      "isin": "",
      "sector": "",
      "status": "missing_from_official",
      "reason": "Symbol is absent from the active official exchange directory for this exchange.",
      "official_reference_name": "",
      "official_reference_source": "",
      "covered_by_official_directory": true,
      "cik": "",
      "figi": "",
      "lei": ""
    }
  ],
  "json_out": "data/etf_verification/run-20260406-etf-100/chunk-92-of-100.json",
  "csv_out": "data/etf_verification/run-20260406-etf-100/chunk-92-of-100.csv"
}
