{
  "chunk_index": 57,
  "chunk_count": 100,
  "items": 167,
  "status_counts": {
    "cross_exchange_collision": 4,
    "missing_from_official": 3,
    "reference_gap": 106,
    "verified": 54
  },
  "finding_examples": [
    {
      "listing_key": "TWSE::00632R",
      "ticker": "00632R",
      "exchange": "TWSE",
      "asset_type": "ETF",
      "name": "Yuanta Daily Taiwan 50 Bear -1X",
      "country": "Taiwan",
      "country_code": "TW",
      "isin": "TW00000632R5",
      "sector": "",
      "status": "missing_from_official",
      "reason": "Symbol is absent from the active official exchange directory for this exchange.",
      "official_reference_name": "",
      "official_reference_source": "",
      "covered_by_official_directory": true,
      "cik": "",
      "figi": "",
      "lei": ""
    },
    {
      "listing_key": "TWSE::00891",
      "ticker": "00891",
      "exchange": "TWSE",
      "asset_type": "ETF",
      "name": "CTBC Investments Corp. - Taiwan ESG Leading Semiconductor ETF",
      "country": "Taiwan",
      "country_code": "TW",
      "isin": "",
      "sector": "",
      "status": "missing_from_official",
      "reason": "Symbol is absent from the active official exchange directory for this exchange.",
      "official_reference_name": "",
      "official_reference_source": "",
      "covered_by_official_directory": true,
      "cik": "",
      "figi": "",
      "lei": ""
    },
    {
      "listing_key": "TWSE::01001T",
      "ticker": "01001T",
      "exchange": "TWSE",
      "asset_type": "ETF",
      "name": "Fubon No.1 Real Estate Investment Trust",
      "country": "Taiwan",
      "country_code": "TW",
      "isin": "",
      "sector": "Real Estate",
      "status": "missing_from_official",
      "reason": "Symbol is absent from the active official exchange directory for this exchange.",
      "official_reference_name": "",
      "official_reference_source": "",
      "covered_by_official_directory": true,
      "cik": "",
      "figi": "",
      "lei": ""
    }
  ],
  "json_out": "data/etf_verification/run-20260406-etf-100/chunk-57-of-100.json",
  "csv_out": "data/etf_verification/run-20260406-etf-100/chunk-57-of-100.csv"
}
