{
  "chunk_index": 51,
  "chunk_count": 100,
  "items": 167,
  "status_counts": {
    "cross_exchange_collision": 3,
    "missing_from_official": 3,
    "name_mismatch": 2,
    "reference_gap": 107,
    "verified": 52
  },
  "finding_examples": [
    {
      "listing_key": "NYSE ARCA::BSR",
      "ticker": "BSR",
      "exchange": "NYSE ARCA",
      "asset_type": "ETF",
      "name": "Northern Lights Fund Trust II",
      "country": "United States",
      "country_code": "US",
      "isin": "US66538F1993",
      "sector": "",
      "status": "name_mismatch",
      "reason": "Dataset name does not match official exchange directory name.",
      "official_reference_name": "Beacon Selective Risk ETF",
      "official_reference_source": "nasdaq_other_listed",
      "covered_by_official_directory": true,
      "cik": "",
      "figi": "",
      "lei": ""
    },
    {
      "listing_key": "NYSE ARCA::QTPI",
      "ticker": "QTPI",
      "exchange": "NYSE ARCA",
      "asset_type": "ETF",
      "name": "Exchange Place Advisors Trust",
      "country": "United States",
      "country_code": "US",
      "isin": "",
      "sector": "",
      "status": "name_mismatch",
      "reason": "Dataset name does not match official exchange directory name.",
      "official_reference_name": "North Square RCIM Tax-Advantaged Preferred and Income Securities ETF",
      "official_reference_source": "nasdaq_other_listed",
      "covered_by_official_directory": true,
      "cik": "",
      "figi": "",
      "lei": ""
    },
    {
      "listing_key": "TWSE::006205",
      "ticker": "006205",
      "exchange": "TWSE",
      "asset_type": "ETF",
      "name": "Fubon SSE180",
      "country": "Taiwan",
      "country_code": "TW",
      "isin": "TW0000062058",
      "sector": "Emerging Markets",
      "status": "missing_from_official",
      "reason": "Symbol is absent from the active official exchange directory for this exchange.",
      "official_reference_name": "",
      "official_reference_source": "",
      "covered_by_official_directory": true,
      "cik": "",
      "figi": "",
      "lei": ""
    },
    {
      "listing_key": "TWSE::00875",
      "ticker": "00875",
      "exchange": "TWSE",
      "asset_type": "ETF",
      "name": "Cathay Cyber Security ETF",
      "country": "Taiwan",
      "country_code": "TW",
      "isin": "",
      "sector": "",
      "status": "missing_from_official",
      "reason": "Symbol is absent from the active official exchange directory for this exchange.",
      "official_reference_name": "",
      "official_reference_source": "",
      "covered_by_official_directory": true,
      "cik": "",
      "figi": "",
      "lei": ""
    },
    {
      "listing_key": "TWSE::00991A",
      "ticker": "00991A",
      "exchange": "TWSE",
      "asset_type": "ETF",
      "name": "Fuhwa Taiwan Future 50 Active ETF",
      "country": "Taiwan",
      "country_code": "TW",
      "isin": "",
      "sector": "",
      "status": "missing_from_official",
      "reason": "Symbol is absent from the active official exchange directory for this exchange.",
      "official_reference_name": "",
      "official_reference_source": "",
      "covered_by_official_directory": true,
      "cik": "",
      "figi": "",
      "lei": ""
    }
  ],
  "json_out": "data/etf_verification/run-20260406-etf-100/chunk-51-of-100.json",
  "csv_out": "data/etf_verification/run-20260406-etf-100/chunk-51-of-100.csv"
}
