{
  "chunk_index": 62,
  "chunk_count": 100,
  "items": 167,
  "status_counts": {
    "cross_exchange_collision": 3,
    "missing_from_official": 3,
    "name_mismatch": 2,
    "reference_gap": 108,
    "verified": 51
  },
  "finding_examples": [
    {
      "listing_key": "BATS::QBER",
      "ticker": "QBER",
      "exchange": "BATS",
      "asset_type": "ETF",
      "name": "QBER",
      "country": "United States",
      "country_code": "US",
      "isin": "",
      "sector": "",
      "status": "name_mismatch",
      "reason": "Dataset name does not match official exchange directory name.",
      "official_reference_name": "TrueShares Quarterly Bear Hedge ETF",
      "official_reference_source": "nasdaq_other_listed",
      "covered_by_official_directory": true,
      "cik": "",
      "figi": "",
      "lei": ""
    },
    {
      "listing_key": "NYSE ARCA::OALC",
      "ticker": "OALC",
      "exchange": "NYSE ARCA",
      "asset_type": "ETF",
      "name": "Unified Series Trust",
      "country": "United States",
      "country_code": "US",
      "isin": "US90470L5277",
      "sector": "",
      "status": "name_mismatch",
      "reason": "Dataset name does not match official exchange directory name.",
      "official_reference_name": "OneAscent Large Cap Core ETF",
      "official_reference_source": "nasdaq_other_listed",
      "covered_by_official_directory": true,
      "cik": "",
      "figi": "",
      "lei": ""
    },
    {
      "listing_key": "TWSE::00636K",
      "ticker": "00636K",
      "exchange": "TWSE",
      "asset_type": "ETF",
      "name": "Cathay FTSE China A50",
      "country": "Taiwan",
      "country_code": "TW",
      "isin": "TW00000636K1",
      "sector": "",
      "status": "missing_from_official",
      "reason": "Symbol is absent from the active official exchange directory for this exchange.",
      "official_reference_name": "",
      "official_reference_source": "",
      "covered_by_official_directory": true,
      "cik": "",
      "figi": "",
      "lei": ""
    },
    {
      "listing_key": "TWSE::00896",
      "ticker": "00896",
      "exchange": "TWSE",
      "asset_type": "ETF",
      "name": "CTBC TIP Customized Taiwan Green Energy and Electric Vehicles ETF",
      "country": "Taiwan",
      "country_code": "TW",
      "isin": "",
      "sector": "",
      "status": "missing_from_official",
      "reason": "Symbol is absent from the active official exchange directory for this exchange.",
      "official_reference_name": "",
      "official_reference_source": "",
      "covered_by_official_directory": true,
      "cik": "",
      "figi": "",
      "lei": ""
    },
    {
      "listing_key": "TWSE::01010T",
      "ticker": "01010T",
      "exchange": "TWSE",
      "asset_type": "ETF",
      "name": "Millerful No. 1 REIT",
      "country": "Taiwan",
      "country_code": "TW",
      "isin": "",
      "sector": "Real Estate",
      "status": "missing_from_official",
      "reason": "Symbol is absent from the active official exchange directory for this exchange.",
      "official_reference_name": "",
      "official_reference_source": "",
      "covered_by_official_directory": true,
      "cik": "",
      "figi": "",
      "lei": ""
    }
  ],
  "json_out": "data/etf_verification/run-20260406-etf-100/chunk-62-of-100.json",
  "csv_out": "data/etf_verification/run-20260406-etf-100/chunk-62-of-100.csv"
}
