{
  "chunk_index": 46,
  "chunk_count": 100,
  "items": 167,
  "status_counts": {
    "cross_exchange_collision": 2,
    "missing_from_official": 3,
    "name_mismatch": 1,
    "reference_gap": 107,
    "verified": 54
  },
  "finding_examples": [
    {
      "listing_key": "BATS::SHYM",
      "ticker": "SHYM",
      "exchange": "BATS",
      "asset_type": "ETF",
      "name": "SHYM",
      "country": "United States",
      "country_code": "US",
      "isin": "",
      "sector": "",
      "status": "name_mismatch",
      "reason": "Dataset name does not match official exchange directory name.",
      "official_reference_name": "iShares Short Duration High Yield Muni Active ETF",
      "official_reference_source": "nasdaq_other_listed",
      "covered_by_official_directory": true,
      "cik": "",
      "figi": "",
      "lei": ""
    },
    {
      "listing_key": "TWSE::0052",
      "ticker": "0052",
      "exchange": "TWSE",
      "asset_type": "ETF",
      "name": "Fubon Taiwan Technology",
      "country": "Taiwan",
      "country_code": "TW",
      "isin": "",
      "sector": "",
      "status": "missing_from_official",
      "reason": "Symbol is absent from the active official exchange directory for this exchange.",
      "official_reference_name": "",
      "official_reference_source": "",
      "covered_by_official_directory": true,
      "cik": "",
      "figi": "",
      "lei": ""
    },
    {
      "listing_key": "TWSE::00850",
      "ticker": "00850",
      "exchange": "TWSE",
      "asset_type": "ETF",
      "name": "Yuanta FTSE4Good TIP Taiwan ESG ETF",
      "country": "Taiwan",
      "country_code": "TW",
      "isin": "TW0000085000",
      "sector": "",
      "status": "missing_from_official",
      "reason": "Symbol is absent from the active official exchange directory for this exchange.",
      "official_reference_name": "",
      "official_reference_source": "",
      "covered_by_official_directory": true,
      "cik": "",
      "figi": "",
      "lei": ""
    },
    {
      "listing_key": "TWSE::00986A",
      "ticker": "00986A",
      "exchange": "TWSE",
      "asset_type": "ETF",
      "name": "Taishin Global Growth Leaders Active ETF",
      "country": "Taiwan",
      "country_code": "TW",
      "isin": "",
      "sector": "",
      "status": "missing_from_official",
      "reason": "Symbol is absent from the active official exchange directory for this exchange.",
      "official_reference_name": "",
      "official_reference_source": "",
      "covered_by_official_directory": true,
      "cik": "",
      "figi": "",
      "lei": ""
    }
  ],
  "json_out": "data/etf_verification/run-20260406-etf-100/chunk-46-of-100.json",
  "csv_out": "data/etf_verification/run-20260406-etf-100/chunk-46-of-100.csv"
}
