{
  "chunk_index": 26,
  "chunk_count": 100,
  "items": 167,
  "status_counts": {
    "cross_exchange_collision": 3,
    "missing_from_official": 2,
    "name_mismatch": 2,
    "reference_gap": 109,
    "verified": 51
  },
  "finding_examples": [
    {
      "listing_key": "BATS::IBMS",
      "ticker": "IBMS",
      "exchange": "BATS",
      "asset_type": "ETF",
      "name": "IBMS",
      "country": "United States",
      "country_code": "US",
      "isin": "",
      "sector": "",
      "status": "name_mismatch",
      "reason": "Dataset name does not match official exchange directory name.",
      "official_reference_name": "iShares iBonds Dec 2030 Term Muni Bond ETF",
      "official_reference_source": "nasdaq_other_listed",
      "covered_by_official_directory": true,
      "cik": "",
      "figi": "",
      "lei": ""
    },
    {
      "listing_key": "BATS::TSEP",
      "ticker": "TSEP",
      "exchange": "BATS",
      "asset_type": "ETF",
      "name": "TSEP",
      "country": "United States",
      "country_code": "US",
      "isin": "",
      "sector": "",
      "status": "name_mismatch",
      "reason": "Dataset name does not match official exchange directory name.",
      "official_reference_name": "FT Vest Emerging Market Buffer ETF - September",
      "official_reference_source": "nasdaq_other_listed",
      "covered_by_official_directory": true,
      "cik": "",
      "figi": "",
      "lei": ""
    },
    {
      "listing_key": "TWSE::00717",
      "ticker": "00717",
      "exchange": "TWSE",
      "asset_type": "ETF",
      "name": "Fubon S&P US Preferred Stock ETF",
      "country": "Taiwan",
      "country_code": "TW",
      "isin": "TW0000071703",
      "sector": "",
      "status": "missing_from_official",
      "reason": "Symbol is absent from the active official exchange directory for this exchange.",
      "official_reference_name": "",
      "official_reference_source": "",
      "covered_by_official_directory": true,
      "cik": "",
      "figi": "",
      "lei": ""
    },
    {
      "listing_key": "TWSE::009808",
      "ticker": "009808",
      "exchange": "TWSE",
      "asset_type": "ETF",
      "name": "Hua Nan Investment Trust Corp. - Hua Nan Taiwan Select 50 ETF Fund",
      "country": "Taiwan",
      "country_code": "TW",
      "isin": "",
      "sector": "",
      "status": "missing_from_official",
      "reason": "Symbol is absent from the active official exchange directory for this exchange.",
      "official_reference_name": "",
      "official_reference_source": "",
      "covered_by_official_directory": true,
      "cik": "",
      "figi": "",
      "lei": ""
    }
  ],
  "json_out": "data/etf_verification/run-20260406-etf-100/chunk-26-of-100.json",
  "csv_out": "data/etf_verification/run-20260406-etf-100/chunk-26-of-100.csv"
}
