{
  "chunk_index": 61,
  "chunk_count": 100,
  "items": 167,
  "status_counts": {
    "cross_exchange_collision": 3,
    "missing_from_official": 3,
    "name_mismatch": 1,
    "reference_gap": 109,
    "verified": 51
  },
  "finding_examples": [
    {
      "listing_key": "NYSE ARCA::AHLT",
      "ticker": "AHLT",
      "exchange": "NYSE ARCA",
      "asset_type": "ETF",
      "name": "American Beacon Select Funds",
      "country": "United States",
      "country_code": "US",
      "isin": "US02368W3097",
      "sector": "",
      "status": "name_mismatch",
      "reason": "Dataset name does not match official exchange directory name.",
      "official_reference_name": "AHL Trend ETF",
      "official_reference_source": "nasdaq_other_listed",
      "covered_by_official_directory": true,
      "cik": "",
      "figi": "",
      "lei": ""
    },
    {
      "listing_key": "TWSE::00636",
      "ticker": "00636",
      "exchange": "TWSE",
      "asset_type": "ETF",
      "name": "Cathay FTSE China A50",
      "country": "Taiwan",
      "country_code": "TW",
      "isin": "TW0000063601",
      "sector": "",
      "status": "missing_from_official",
      "reason": "Symbol is absent from the active official exchange directory for this exchange.",
      "official_reference_name": "",
      "official_reference_source": "",
      "covered_by_official_directory": true,
      "cik": "",
      "figi": "",
      "lei": ""
    },
    {
      "listing_key": "TWSE::00895",
      "ticker": "00895",
      "exchange": "TWSE",
      "asset_type": "ETF",
      "name": "Dongjiang Environmental Co Ltd Class H",
      "country": "Taiwan",
      "country_code": "TW",
      "isin": "",
      "sector": "",
      "status": "missing_from_official",
      "reason": "Symbol is absent from the active official exchange directory for this exchange.",
      "official_reference_name": "",
      "official_reference_source": "",
      "covered_by_official_directory": true,
      "cik": "",
      "figi": "",
      "lei": ""
    },
    {
      "listing_key": "TWSE::01009T",
      "ticker": "01009T",
      "exchange": "TWSE",
      "asset_type": "ETF",
      "name": "O Bank No. 1 REIT",
      "country": "Taiwan",
      "country_code": "TW",
      "isin": "",
      "sector": "Real Estate",
      "status": "missing_from_official",
      "reason": "Symbol is absent from the active official exchange directory for this exchange.",
      "official_reference_name": "",
      "official_reference_source": "",
      "covered_by_official_directory": true,
      "cik": "",
      "figi": "",
      "lei": ""
    }
  ],
  "json_out": "data/etf_verification/run-20260406-etf-100/chunk-61-of-100.json",
  "csv_out": "data/etf_verification/run-20260406-etf-100/chunk-61-of-100.csv"
}
