{
  "chunk_index": 97,
  "chunk_count": 100,
  "items": 167,
  "status_counts": {
    "cross_exchange_collision": 2,
    "missing_from_official": 2,
    "name_mismatch": 4,
    "reference_gap": 112,
    "verified": 47
  },
  "finding_examples": [
    {
      "listing_key": "NYSE ARCA::DHSB",
      "ticker": "DHSB",
      "exchange": "NYSE ARCA",
      "asset_type": "ETF",
      "name": "Strategy Shares",
      "country": "United States",
      "country_code": "US",
      "isin": "US86280R7952",
      "sector": "",
      "status": "name_mismatch",
      "reason": "Dataset name does not match official exchange directory name.",
      "official_reference_name": "Day Hagan Smart Buffer ETF",
      "official_reference_source": "nasdaq_other_listed",
      "covered_by_official_directory": true,
      "cik": "",
      "figi": "",
      "lei": ""
    },
    {
      "listing_key": "NYSE ARCA::PTL",
      "ticker": "PTL",
      "exchange": "NYSE ARCA",
      "asset_type": "ETF",
      "name": "Northern Lights Fund Trust IV",
      "country": "Australia",
      "country_code": "AU",
      "isin": "AU000000PTL8",
      "sector": "Consumer Staples",
      "status": "name_mismatch",
      "reason": "Dataset name does not match official exchange directory name.",
      "official_reference_name": "Inspire 500 ETF",
      "official_reference_source": "nasdaq_other_listed",
      "covered_by_official_directory": true,
      "cik": "",
      "figi": "",
      "lei": ""
    },
    {
      "listing_key": "NYSE ARCA::RHRX",
      "ticker": "RHRX",
      "exchange": "NYSE ARCA",
      "asset_type": "ETF",
      "name": "Starboard Investment Trust",
      "country": "United States",
      "country_code": "US",
      "isin": "US85521B7753",
      "sector": "",
      "status": "name_mismatch",
      "reason": "Dataset name does not match official exchange directory name.",
      "official_reference_name": "RH Tactical Rotation ETF",
      "official_reference_source": "nasdaq_other_listed",
      "covered_by_official_directory": true,
      "cik": "",
      "figi": "",
      "lei": ""
    },
    {
      "listing_key": "NYSE ARCA::WMSB",
      "ticker": "WMSB",
      "exchange": "NYSE ARCA",
      "asset_type": "ETF",
      "name": "Northern Lights Fund Trust II",
      "country": "United States",
      "country_code": "US",
      "isin": "",
      "sector": "",
      "status": "name_mismatch",
      "reason": "Dataset name does not match official exchange directory name.",
      "official_reference_name": "Weitz Multisector Bond ETF",
      "official_reference_source": "nasdaq_other_listed",
      "covered_by_official_directory": true,
      "cik": "",
      "figi": "",
      "lei": ""
    },
    {
      "listing_key": "TWSE::00675L",
      "ticker": "00675L",
      "exchange": "TWSE",
      "asset_type": "ETF",
      "name": "Fubon TAIEX Daily 2X Leveraged ETF",
      "country": "Taiwan",
      "country_code": "TW",
      "isin": "",
      "sector": "",
      "status": "missing_from_official",
      "reason": "Symbol is absent from the active official exchange directory for this exchange.",
      "official_reference_name": "",
      "official_reference_source": "",
      "covered_by_official_directory": true,
      "cik": "",
      "figi": "",
      "lei": ""
    },
    {
      "listing_key": "TWSE::00938",
      "ticker": "00938",
      "exchange": "TWSE",
      "asset_type": "ETF",
      "name": "KGI Taiwan Premium Selection 30 ETF",
      "country": "Taiwan",
      "country_code": "TW",
      "isin": "",
      "sector": "",
      "status": "missing_from_official",
      "reason": "Symbol is absent from the active official exchange directory for this exchange.",
      "official_reference_name": "",
      "official_reference_source": "",
      "covered_by_official_directory": true,
      "cik": "",
      "figi": "",
      "lei": ""
    }
  ],
  "json_out": "data/etf_verification/run-20260406-etf-100/chunk-97-of-100.json",
  "csv_out": "data/etf_verification/run-20260406-etf-100/chunk-97-of-100.csv"
}
