{
  "chunk_index": 90,
  "chunk_count": 100,
  "items": 167,
  "status_counts": {
    "asset_type_mismatch": 1,
    "cross_exchange_collision": 3,
    "missing_from_official": 2,
    "name_mismatch": 1,
    "reference_gap": 108,
    "verified": 52
  },
  "finding_examples": [
    {
      "listing_key": "NYSE ARCA::CSMD",
      "ticker": "CSMD",
      "exchange": "NYSE ARCA",
      "asset_type": "ETF",
      "name": "Professionally Managed Portfolios",
      "country": "United States",
      "country_code": "US",
      "isin": "US74316P6455",
      "sector": "",
      "status": "name_mismatch",
      "reason": "Dataset name does not match official exchange directory name.",
      "official_reference_name": "Congress SMid Growth ETF",
      "official_reference_source": "nasdaq_other_listed",
      "covered_by_official_directory": true,
      "cik": "",
      "figi": "",
      "lei": ""
    },
    {
      "listing_key": "NYSE ARCA::DGP",
      "ticker": "DGP",
      "exchange": "NYSE ARCA",
      "asset_type": "ETF",
      "name": "DB Gold Double Long ETN",
      "country": "United States",
      "country_code": "US",
      "isin": "US25154H7492",
      "sector": "Trading",
      "status": "asset_type_mismatch",
      "reason": "Dataset asset_type=ETF but official reference says Stock.",
      "official_reference_name": "DB Gold Double Long ETN due February 15, 2038",
      "official_reference_source": "nasdaq_other_listed",
      "covered_by_official_directory": true,
      "cik": "0001159508",
      "figi": "",
      "lei": ""
    },
    {
      "listing_key": "TWSE::00668",
      "ticker": "00668",
      "exchange": "TWSE",
      "asset_type": "ETF",
      "name": "Cathay Dow Jones Industrial Average ETF Fund",
      "country": "Taiwan",
      "country_code": "TW",
      "isin": "",
      "sector": "Large Cap",
      "status": "missing_from_official",
      "reason": "Symbol is absent from the active official exchange directory for this exchange.",
      "official_reference_name": "",
      "official_reference_source": "",
      "covered_by_official_directory": true,
      "cik": "",
      "figi": "",
      "lei": ""
    },
    {
      "listing_key": "TWSE::00927",
      "ticker": "00927",
      "exchange": "TWSE",
      "asset_type": "ETF",
      "name": "CAPITAL INV TRUST CORP-TIP CSTM TW SEMICONDUCTOR DIV YIELD ETF",
      "country": "Taiwan",
      "country_code": "TW",
      "isin": "",
      "sector": "",
      "status": "missing_from_official",
      "reason": "Symbol is absent from the active official exchange directory for this exchange.",
      "official_reference_name": "",
      "official_reference_source": "",
      "covered_by_official_directory": true,
      "cik": "",
      "figi": "",
      "lei": ""
    }
  ],
  "json_out": "data/etf_verification/run-20260406-etf-100/chunk-90-of-100.json",
  "csv_out": "data/etf_verification/run-20260406-etf-100/chunk-90-of-100.csv"
}
