{
  "chunk_index": 75,
  "chunk_count": 100,
  "items": 167,
  "status_counts": {
    "cross_exchange_collision": 3,
    "missing_from_official": 2,
    "name_mismatch": 4,
    "reference_gap": 107,
    "verified": 51
  },
  "finding_examples": [
    {
      "listing_key": "NYSE ARCA::BDVG",
      "ticker": "BDVG",
      "exchange": "NYSE ARCA",
      "asset_type": "ETF",
      "name": "Litman Gregory Funds Trust",
      "country": "United States",
      "country_code": "US",
      "isin": "US53700T7515",
      "sector": "",
      "status": "name_mismatch",
      "reason": "Dataset name does not match official exchange directory name.",
      "official_reference_name": "IMGP Berkshire Dividend Growth ETF",
      "official_reference_source": "nasdaq_other_listed",
      "covered_by_official_directory": true,
      "cik": "",
      "figi": "",
      "lei": ""
    },
    {
      "listing_key": "NYSE ARCA::CAFX",
      "ticker": "CAFX",
      "exchange": "NYSE ARCA",
      "asset_type": "ETF",
      "name": "Professionally Managed Portfolios",
      "country": "United States",
      "country_code": "US",
      "isin": "US74316P5879",
      "sector": "",
      "status": "name_mismatch",
      "reason": "Dataset name does not match official exchange directory name.",
      "official_reference_name": "Congress Intermediate Bond ETF",
      "official_reference_source": "nasdaq_other_listed",
      "covered_by_official_directory": true,
      "cik": "",
      "figi": "",
      "lei": ""
    },
    {
      "listing_key": "NYSE ARCA::PRAB",
      "ticker": "PRAB",
      "exchange": "NYSE ARCA",
      "asset_type": "ETF",
      "name": "SSGA Active Trust",
      "country": "Luxembourg",
      "country_code": "LU",
      "isin": "LU2233156582",
      "sector": "Consumer Discretionary",
      "status": "name_mismatch",
      "reason": "Dataset name does not match official exchange directory name.",
      "official_reference_name": "State Street IG Public & Private ABS ETF",
      "official_reference_source": "nasdaq_other_listed",
      "covered_by_official_directory": true,
      "cik": "",
      "figi": "",
      "lei": ""
    },
    {
      "listing_key": "NYSE ARCA::SAMM",
      "ticker": "SAMM",
      "exchange": "NYSE ARCA",
      "asset_type": "ETF",
      "name": "The Advisors\u00e2\u0080\u0099 Inner Circle Fund III",
      "country": "United States",
      "country_code": "US",
      "isin": "",
      "sector": "",
      "status": "name_mismatch",
      "reason": "Dataset name does not match official exchange directory name.",
      "official_reference_name": "Strategas Macro Momentum ETF",
      "official_reference_source": "nasdaq_other_listed",
      "covered_by_official_directory": true,
      "cik": "",
      "figi": "",
      "lei": ""
    },
    {
      "listing_key": "TWSE::00651R",
      "ticker": "00651R",
      "exchange": "TWSE",
      "asset_type": "ETF",
      "name": "Fuh Hwa Daily Hang Seng Inversed ETF",
      "country": "Taiwan",
      "country_code": "TW",
      "isin": "TW00000651R5",
      "sector": "",
      "status": "missing_from_official",
      "reason": "Symbol is absent from the active official exchange directory for this exchange.",
      "official_reference_name": "",
      "official_reference_source": "",
      "covered_by_official_directory": true,
      "cik": "",
      "figi": "",
      "lei": ""
    },
    {
      "listing_key": "TWSE::00910",
      "ticker": "00910",
      "exchange": "TWSE",
      "asset_type": "ETF",
      "name": "FSITC Aerospace and Satellite ETF",
      "country": "Taiwan",
      "country_code": "TW",
      "isin": "",
      "sector": "",
      "status": "missing_from_official",
      "reason": "Symbol is absent from the active official exchange directory for this exchange.",
      "official_reference_name": "",
      "official_reference_source": "",
      "covered_by_official_directory": true,
      "cik": "",
      "figi": "",
      "lei": ""
    }
  ],
  "json_out": "data/etf_verification/run-20260406-etf-100/chunk-75-of-100.json",
  "csv_out": "data/etf_verification/run-20260406-etf-100/chunk-75-of-100.csv"
}
