{
  "chunk_index": 70,
  "chunk_count": 100,
  "items": 167,
  "status_counts": {
    "asset_type_mismatch": 1,
    "cross_exchange_collision": 3,
    "missing_from_official": 2,
    "reference_gap": 105,
    "verified": 56
  },
  "finding_examples": [
    {
      "listing_key": "Euronext::CEM",
      "ticker": "CEM",
      "exchange": "Euronext",
      "asset_type": "ETF",
      "name": "Amundi MSCI Europe Small Cap ESG Climate Net Zero Ambition CTB ETF Acc",
      "country": "Luxembourg",
      "country_code": "LU",
      "isin": "LU1681041544",
      "sector": "Financials",
      "status": "asset_type_mismatch",
      "reason": "Dataset asset_type=ETF but official reference says Stock.",
      "official_reference_name": "CEMENTIR HOLDING",
      "official_reference_source": "euronext_equities",
      "covered_by_official_directory": true,
      "cik": "",
      "figi": "BBG00KXH1W63",
      "lei": ""
    },
    {
      "listing_key": "TWSE::00645",
      "ticker": "00645",
      "exchange": "TWSE",
      "asset_type": "ETF",
      "name": "Fubon TOPIX",
      "country": "Taiwan",
      "country_code": "TW",
      "isin": "TW0000064500",
      "sector": "",
      "status": "missing_from_official",
      "reason": "Symbol is absent from the active official exchange directory for this exchange.",
      "official_reference_name": "",
      "official_reference_source": "",
      "covered_by_official_directory": true,
      "cik": "",
      "figi": "",
      "lei": ""
    },
    {
      "listing_key": "TWSE::00904",
      "ticker": "00904",
      "exchange": "TWSE",
      "asset_type": "ETF",
      "name": "Shin Kong TIP Taiwan Semiconductor 30 ETF",
      "country": "Taiwan",
      "country_code": "TW",
      "isin": "",
      "sector": "",
      "status": "missing_from_official",
      "reason": "Symbol is absent from the active official exchange directory for this exchange.",
      "official_reference_name": "",
      "official_reference_source": "",
      "covered_by_official_directory": true,
      "cik": "",
      "figi": "",
      "lei": ""
    }
  ],
  "json_out": "data/etf_verification/run-20260406-etf-100/chunk-70-of-100.json",
  "csv_out": "data/etf_verification/run-20260406-etf-100/chunk-70-of-100.csv"
}
