{
  "chunk_index": 19,
  "chunk_count": 100,
  "items": 167,
  "status_counts": {
    "cross_exchange_collision": 4,
    "missing_from_official": 2,
    "name_mismatch": 3,
    "reference_gap": 111,
    "verified": 47
  },
  "finding_examples": [
    {
      "listing_key": "BATS::DOJE",
      "ticker": "DOJE",
      "exchange": "BATS",
      "asset_type": "ETF",
      "name": "DOJE",
      "country": "United States",
      "country_code": "US",
      "isin": "",
      "sector": "",
      "status": "name_mismatch",
      "reason": "Dataset name does not match official exchange directory name.",
      "official_reference_name": "REX-Osprey DOGE ETF",
      "official_reference_source": "nasdaq_other_listed",
      "covered_by_official_directory": true,
      "cik": "",
      "figi": "",
      "lei": ""
    },
    {
      "listing_key": "NYSE ARCA::DANA",
      "ticker": "DANA",
      "exchange": "NYSE ARCA",
      "asset_type": "ETF",
      "name": "Tidal Trust I",
      "country": "United States",
      "country_code": "US",
      "isin": "",
      "sector": "",
      "status": "name_mismatch",
      "reason": "Dataset name does not match official exchange directory name.",
      "official_reference_name": "Dana Limited Volatility ETF",
      "official_reference_source": "nasdaq_other_listed",
      "covered_by_official_directory": true,
      "cik": "",
      "figi": "",
      "lei": ""
    },
    {
      "listing_key": "NYSE ARCA::YLDW",
      "ticker": "YLDW",
      "exchange": "NYSE ARCA",
      "asset_type": "ETF",
      "name": "Ultimus Managers Trust",
      "country": "United States",
      "country_code": "US",
      "isin": "",
      "sector": "",
      "status": "name_mismatch",
      "reason": "Dataset name does not match official exchange directory name.",
      "official_reference_name": "Westwood Enhanced Income Opportunity ETF",
      "official_reference_source": "nasdaq_other_listed",
      "covered_by_official_directory": true,
      "cik": "",
      "figi": "",
      "lei": ""
    },
    {
      "listing_key": "TWSE::00709",
      "ticker": "00709",
      "exchange": "TWSE",
      "asset_type": "ETF",
      "name": "Fubon FTSE Developed Europe ETF",
      "country": "Taiwan",
      "country_code": "TW",
      "isin": "TW0000070903",
      "sector": "",
      "status": "missing_from_official",
      "reason": "Symbol is absent from the active official exchange directory for this exchange.",
      "official_reference_name": "",
      "official_reference_source": "",
      "covered_by_official_directory": true,
      "cik": "",
      "figi": "",
      "lei": ""
    },
    {
      "listing_key": "TWSE::00972",
      "ticker": "00972",
      "exchange": "TWSE",
      "asset_type": "ETF",
      "name": "Nomura Japan Value-creation Momentum Dividend ETF",
      "country": "Taiwan",
      "country_code": "TW",
      "isin": "",
      "sector": "",
      "status": "missing_from_official",
      "reason": "Symbol is absent from the active official exchange directory for this exchange.",
      "official_reference_name": "",
      "official_reference_source": "",
      "covered_by_official_directory": true,
      "cik": "",
      "figi": "",
      "lei": ""
    }
  ],
  "json_out": "data/etf_verification/run-20260406-etf-100/chunk-19-of-100.json",
  "csv_out": "data/etf_verification/run-20260406-etf-100/chunk-19-of-100.csv"
}
