{
  "chunk_index": 93,
  "chunk_count": 100,
  "items": 167,
  "status_counts": {
    "cross_exchange_collision": 2,
    "missing_from_official": 2,
    "name_mismatch": 1,
    "reference_gap": 108,
    "verified": 54
  },
  "finding_examples": [
    {
      "listing_key": "BATS::OVS",
      "ticker": "OVS",
      "exchange": "BATS",
      "asset_type": "ETF",
      "name": "OVS SpA",
      "country": "United States",
      "country_code": "US",
      "isin": "US53656F8885",
      "sector": "Small Cap",
      "status": "name_mismatch",
      "reason": "Dataset name does not match official exchange directory name.",
      "official_reference_name": "Overlay Shares Small Cap Equity ETF",
      "official_reference_source": "nasdaq_other_listed",
      "covered_by_official_directory": true,
      "cik": "",
      "figi": "",
      "lei": ""
    },
    {
      "listing_key": "TWSE::00670L",
      "ticker": "00670L",
      "exchange": "TWSE",
      "asset_type": "ETF",
      "name": "Fubon NASDAQ-100 2X Leveraged Index ETF",
      "country": "Taiwan",
      "country_code": "TW",
      "isin": "TW00000670L8",
      "sector": "",
      "status": "missing_from_official",
      "reason": "Symbol is absent from the active official exchange directory for this exchange.",
      "official_reference_name": "",
      "official_reference_source": "",
      "covered_by_official_directory": true,
      "cik": "",
      "figi": "",
      "lei": ""
    },
    {
      "listing_key": "TWSE::00932",
      "ticker": "00932",
      "exchange": "TWSE",
      "asset_type": "ETF",
      "name": "Mega Taiwan ESG High Dividend Equal Weight ETF",
      "country": "Taiwan",
      "country_code": "TW",
      "isin": "",
      "sector": "",
      "status": "missing_from_official",
      "reason": "Symbol is absent from the active official exchange directory for this exchange.",
      "official_reference_name": "",
      "official_reference_source": "",
      "covered_by_official_directory": true,
      "cik": "",
      "figi": "",
      "lei": ""
    }
  ],
  "json_out": "data/etf_verification/run-20260406-etf-100/chunk-93-of-100.json",
  "csv_out": "data/etf_verification/run-20260406-etf-100/chunk-93-of-100.csv"
}
