{
  "chunk_index": 76,
  "chunk_count": 100,
  "items": 167,
  "status_counts": {
    "cross_exchange_collision": 2,
    "missing_from_official": 2,
    "name_mismatch": 4,
    "reference_gap": 109,
    "verified": 50
  },
  "finding_examples": [
    {
      "listing_key": "BATS::AAUM",
      "ticker": "AAUM",
      "exchange": "BATS",
      "asset_type": "ETF",
      "name": "AAUM",
      "country": "United States",
      "country_code": "US",
      "isin": "",
      "sector": "",
      "status": "name_mismatch",
      "reason": "Dataset name does not match official exchange directory name.",
      "official_reference_name": "Tema Alternative Asset Managers ETF",
      "official_reference_source": "nasdaq_other_listed",
      "covered_by_official_directory": true,
      "cik": "",
      "figi": "",
      "lei": ""
    },
    {
      "listing_key": "NYSE ARCA::AMAX",
      "ticker": "AMAX",
      "exchange": "NYSE ARCA",
      "asset_type": "ETF",
      "name": "Starboard Investment Trust",
      "country": "Canada",
      "country_code": "CA",
      "isin": "CA4069181028",
      "sector": "",
      "status": "name_mismatch",
      "reason": "Dataset name does not match official exchange directory name.",
      "official_reference_name": "Adaptive Hedged Multi-Asset Income ETF",
      "official_reference_source": "nasdaq_other_listed",
      "covered_by_official_directory": true,
      "cik": "",
      "figi": "",
      "lei": ""
    },
    {
      "listing_key": "NYSE ARCA::PRAE",
      "ticker": "PRAE",
      "exchange": "NYSE ARCA",
      "asset_type": "ETF",
      "name": "Northern Lights Fund Trust III",
      "country": "Luxembourg",
      "country_code": "LU",
      "isin": "LU2089238039",
      "sector": "Large Cap",
      "status": "name_mismatch",
      "reason": "Dataset name does not match official exchange directory name.",
      "official_reference_name": "PlanRock Alternative Growth ETF",
      "official_reference_source": "nasdaq_other_listed",
      "covered_by_official_directory": true,
      "cik": "",
      "figi": "",
      "lei": ""
    },
    {
      "listing_key": "NYSE ARCA::SAMT",
      "ticker": "SAMT",
      "exchange": "NYSE ARCA",
      "asset_type": "ETF",
      "name": "The Advisorsa\u0080\u0099 Inner Circle Fund III",
      "country": "United States",
      "country_code": "US",
      "isin": "US00775Y6453",
      "sector": "",
      "status": "name_mismatch",
      "reason": "Dataset name does not match official exchange directory name.",
      "official_reference_name": "Strategas Macro Thematic Opportunities ETF",
      "official_reference_source": "nasdaq_other_listed",
      "covered_by_official_directory": true,
      "cik": "",
      "figi": "",
      "lei": ""
    },
    {
      "listing_key": "TWSE::00652",
      "ticker": "00652",
      "exchange": "TWSE",
      "asset_type": "ETF",
      "name": "Fubon NIFTY",
      "country": "Taiwan",
      "country_code": "TW",
      "isin": "TW0000065200",
      "sector": "",
      "status": "missing_from_official",
      "reason": "Symbol is absent from the active official exchange directory for this exchange.",
      "official_reference_name": "",
      "official_reference_source": "",
      "covered_by_official_directory": true,
      "cik": "",
      "figi": "",
      "lei": ""
    },
    {
      "listing_key": "TWSE::00911",
      "ticker": "00911",
      "exchange": "TWSE",
      "asset_type": "ETF",
      "name": "Mega ICE Semiconductor ETF",
      "country": "Taiwan",
      "country_code": "TW",
      "isin": "",
      "sector": "",
      "status": "missing_from_official",
      "reason": "Symbol is absent from the active official exchange directory for this exchange.",
      "official_reference_name": "",
      "official_reference_source": "",
      "covered_by_official_directory": true,
      "cik": "",
      "figi": "",
      "lei": ""
    }
  ],
  "json_out": "data/etf_verification/run-20260406-etf-100/chunk-76-of-100.json",
  "csv_out": "data/etf_verification/run-20260406-etf-100/chunk-76-of-100.csv"
}
