{
  "chunk_index": 6,
  "chunk_count": 100,
  "items": 168,
  "status_counts": {
    "asset_type_mismatch": 1,
    "cross_exchange_collision": 5,
    "missing_from_official": 2,
    "reference_gap": 104,
    "verified": 56
  },
  "finding_examples": [
    {
      "listing_key": "Euronext::DISL",
      "ticker": "DISL",
      "exchange": "Euronext",
      "asset_type": "ETF",
      "name": "Immobiliere Distri-Land NV",
      "country": "Belgium",
      "country_code": "BE",
      "isin": "BE0003605160",
      "sector": "Real Estate",
      "status": "asset_type_mismatch",
      "reason": "Dataset asset_type=ETF but official reference says Stock.",
      "official_reference_name": "DISTRI-LAND CERT",
      "official_reference_source": "euronext_equities",
      "covered_by_official_directory": true,
      "cik": "",
      "figi": "BBG000BRPN72",
      "lei": ""
    },
    {
      "listing_key": "TWSE::00686R",
      "ticker": "00686R",
      "exchange": "TWSE",
      "asset_type": "ETF",
      "name": "Capital Taiex Daily Inversed -1X",
      "country": "Taiwan",
      "country_code": "TW",
      "isin": "TW00000686R1",
      "sector": "",
      "status": "missing_from_official",
      "reason": "Symbol is absent from the active official exchange directory for this exchange.",
      "official_reference_name": "",
      "official_reference_source": "",
      "covered_by_official_directory": true,
      "cik": "",
      "figi": "",
      "lei": ""
    },
    {
      "listing_key": "TWSE::00949",
      "ticker": "00949",
      "exchange": "TWSE",
      "asset_type": "ETF",
      "name": "Fuh Hwa Japan Global Moat Leaders ETF",
      "country": "Taiwan",
      "country_code": "TW",
      "isin": "",
      "sector": "",
      "status": "missing_from_official",
      "reason": "Symbol is absent from the active official exchange directory for this exchange.",
      "official_reference_name": "",
      "official_reference_source": "",
      "covered_by_official_directory": true,
      "cik": "",
      "figi": "",
      "lei": ""
    }
  ],
  "json_out": "data/etf_verification/run-20260406-etf-100/chunk-06-of-100.json",
  "csv_out": "data/etf_verification/run-20260406-etf-100/chunk-06-of-100.csv"
}
