{
  "chunk_index": 40,
  "chunk_count": 100,
  "items": 167,
  "status_counts": {
    "cross_exchange_collision": 2,
    "missing_from_official": 2,
    "reference_gap": 111,
    "verified": 52
  },
  "finding_examples": [
    {
      "listing_key": "TWSE::00763U",
      "ticker": "00763U",
      "exchange": "TWSE",
      "asset_type": "ETF",
      "name": "JKO Dow Jones Copper ER Futures ETF",
      "country": "Taiwan",
      "country_code": "TW",
      "isin": "TW00000763U2",
      "sector": "",
      "status": "missing_from_official",
      "reason": "Symbol is absent from the active official exchange directory for this exchange.",
      "official_reference_name": "",
      "official_reference_source": "",
      "covered_by_official_directory": true,
      "cik": "",
      "figi": "",
      "lei": ""
    },
    {
      "listing_key": "TWSE::00983A",
      "ticker": "00983A",
      "exchange": "TWSE",
      "asset_type": "ETF",
      "name": "CTBC ARK Innovation Active ETF",
      "country": "Taiwan",
      "country_code": "TW",
      "isin": "",
      "sector": "",
      "status": "missing_from_official",
      "reason": "Symbol is absent from the active official exchange directory for this exchange.",
      "official_reference_name": "",
      "official_reference_source": "",
      "covered_by_official_directory": true,
      "cik": "",
      "figi": "",
      "lei": ""
    }
  ],
  "json_out": "data/etf_verification/run-20260406-etf-100/chunk-40-of-100.json",
  "csv_out": "data/etf_verification/run-20260406-etf-100/chunk-40-of-100.csv"
}
