{
  "chunk_index": 4,
  "chunk_count": 100,
  "items": 168,
  "status_counts": {
    "cross_exchange_collision": 3,
    "missing_from_official": 2,
    "name_mismatch": 1,
    "reference_gap": 109,
    "verified": 53
  },
  "finding_examples": [
    {
      "listing_key": "BATS::BUFS",
      "ticker": "BUFS",
      "exchange": "BATS",
      "asset_type": "ETF",
      "name": "BUFS",
      "country": "United States",
      "country_code": "US",
      "isin": "",
      "sector": "",
      "status": "name_mismatch",
      "reason": "Dataset name does not match official exchange directory name.",
      "official_reference_name": "FT Vest Laddered Small Cap Moderate Buffer ETF",
      "official_reference_source": "nasdaq_other_listed",
      "covered_by_official_directory": true,
      "cik": "",
      "figi": "",
      "lei": ""
    },
    {
      "listing_key": "TWSE::00684R",
      "ticker": "00684R",
      "exchange": "TWSE",
      "asset_type": "ETF",
      "name": "Yuanta S&P US Dollar 1x Inverse ER Futures",
      "country": "Taiwan",
      "country_code": "TW",
      "isin": "TW00000684R6",
      "sector": "",
      "status": "missing_from_official",
      "reason": "Symbol is absent from the active official exchange directory for this exchange.",
      "official_reference_name": "",
      "official_reference_source": "",
      "covered_by_official_directory": true,
      "cik": "",
      "figi": "",
      "lei": ""
    },
    {
      "listing_key": "TWSE::00946",
      "ticker": "00946",
      "exchange": "TWSE",
      "asset_type": "ETF",
      "name": "CAPITAL Tip Customized Taiwan Tech High Dividend And Growth ETF",
      "country": "Taiwan",
      "country_code": "TW",
      "isin": "",
      "sector": "",
      "status": "missing_from_official",
      "reason": "Symbol is absent from the active official exchange directory for this exchange.",
      "official_reference_name": "",
      "official_reference_source": "",
      "covered_by_official_directory": true,
      "cik": "",
      "figi": "",
      "lei": ""
    }
  ],
  "json_out": "data/etf_verification/run-20260406-etf-100/chunk-04-of-100.json",
  "csv_out": "data/etf_verification/run-20260406-etf-100/chunk-04-of-100.csv"
}
