{
  "chunk_index": 10,
  "chunk_count": 100,
  "items": 168,
  "status_counts": {
    "cross_exchange_collision": 2,
    "missing_from_official": 2,
    "name_mismatch": 2,
    "reference_gap": 109,
    "verified": 53
  },
  "finding_examples": [
    {
      "listing_key": "BATS::DLAG",
      "ticker": "DLAG",
      "exchange": "BATS",
      "asset_type": "ETF",
      "name": "DLAG",
      "country": "United States",
      "country_code": "US",
      "isin": "",
      "sector": "",
      "status": "name_mismatch",
      "reason": "Dataset name does not match official exchange directory name.",
      "official_reference_name": "FT Vest U.S. Equity Dual Directional Buffer ETF - August",
      "official_reference_source": "nasdaq_other_listed",
      "covered_by_official_directory": true,
      "cik": "",
      "figi": "",
      "lei": ""
    },
    {
      "listing_key": "NYSE ARCA::RJVI",
      "ticker": "RJVI",
      "exchange": "NYSE ARCA",
      "asset_type": "ETF",
      "name": "Carillon Series Trust",
      "country": "United States",
      "country_code": "US",
      "isin": "",
      "sector": "",
      "status": "name_mismatch",
      "reason": "Dataset name does not match official exchange directory name.",
      "official_reference_name": "RJ Eagle Vertical Income ETF",
      "official_reference_source": "nasdaq_other_listed",
      "covered_by_official_directory": true,
      "cik": "",
      "figi": "",
      "lei": ""
    },
    {
      "listing_key": "TWSE::00692",
      "ticker": "00692",
      "exchange": "TWSE",
      "asset_type": "ETF",
      "name": "Fubon TWSE Corporate Governance 100 ETF",
      "country": "Taiwan",
      "country_code": "TW",
      "isin": "TW0000069202",
      "sector": "",
      "status": "missing_from_official",
      "reason": "Symbol is absent from the active official exchange directory for this exchange.",
      "official_reference_name": "",
      "official_reference_source": "",
      "covered_by_official_directory": true,
      "cik": "",
      "figi": "",
      "lei": ""
    },
    {
      "listing_key": "TWSE::00954",
      "ticker": "00954",
      "exchange": "TWSE",
      "asset_type": "ETF",
      "name": "CTBC Japan Semiconductor ETF",
      "country": "Taiwan",
      "country_code": "TW",
      "isin": "",
      "sector": "",
      "status": "missing_from_official",
      "reason": "Symbol is absent from the active official exchange directory for this exchange.",
      "official_reference_name": "",
      "official_reference_source": "",
      "covered_by_official_directory": true,
      "cik": "",
      "figi": "",
      "lei": ""
    }
  ],
  "json_out": "data/etf_verification/run-20260406-etf-100/chunk-10-of-100.json",
  "csv_out": "data/etf_verification/run-20260406-etf-100/chunk-10-of-100.csv"
}
