{
  "chunk_index": 27,
  "chunk_count": 100,
  "items": 167,
  "status_counts": {
    "cross_exchange_collision": 3,
    "missing_from_official": 2,
    "reference_gap": 107,
    "verified": 55
  },
  "finding_examples": [
    {
      "listing_key": "TWSE::00728",
      "ticker": "00728",
      "exchange": "TWSE",
      "asset_type": "ETF",
      "name": "FSITC Taiwan Industry Elite 30 ETF",
      "country": "Taiwan",
      "country_code": "TW",
      "isin": "TW0000072800",
      "sector": "",
      "status": "missing_from_official",
      "reason": "Symbol is absent from the active official exchange directory for this exchange.",
      "official_reference_name": "",
      "official_reference_source": "",
      "covered_by_official_directory": true,
      "cik": "",
      "figi": "",
      "lei": ""
    },
    {
      "listing_key": "TWSE::009809",
      "ticker": "009809",
      "exchange": "TWSE",
      "asset_type": "ETF",
      "name": "Fubon Taiwan Net Zero Transition ESG 50 ETF",
      "country": "Taiwan",
      "country_code": "TW",
      "isin": "",
      "sector": "",
      "status": "missing_from_official",
      "reason": "Symbol is absent from the active official exchange directory for this exchange.",
      "official_reference_name": "",
      "official_reference_source": "",
      "covered_by_official_directory": true,
      "cik": "",
      "figi": "",
      "lei": ""
    }
  ],
  "json_out": "data/etf_verification/run-20260406-etf-100/chunk-27-of-100.json",
  "csv_out": "data/etf_verification/run-20260406-etf-100/chunk-27-of-100.csv"
}
