{
  "chunk_index": 64,
  "chunk_count": 100,
  "items": 167,
  "status_counts": {
    "cross_exchange_collision": 4,
    "missing_from_official": 2,
    "name_mismatch": 1,
    "reference_gap": 107,
    "verified": 53
  },
  "finding_examples": [
    {
      "listing_key": "BATS::QBUL",
      "ticker": "QBUL",
      "exchange": "BATS",
      "asset_type": "ETF",
      "name": "QBUL",
      "country": "United States",
      "country_code": "US",
      "isin": "",
      "sector": "",
      "status": "name_mismatch",
      "reason": "Dataset name does not match official exchange directory name.",
      "official_reference_name": "TrueShares Quarterly Bull Hedge ETF",
      "official_reference_source": "nasdaq_other_listed",
      "covered_by_official_directory": true,
      "cik": "",
      "figi": "",
      "lei": ""
    },
    {
      "listing_key": "TWSE::00638R",
      "ticker": "00638R",
      "exchange": "TWSE",
      "asset_type": "ETF",
      "name": "Yuanta Daily CSI 300 Bear -1X",
      "country": "Taiwan",
      "country_code": "TW",
      "isin": "TW00000638R2",
      "sector": "",
      "status": "missing_from_official",
      "reason": "Symbol is absent from the active official exchange directory for this exchange.",
      "official_reference_name": "",
      "official_reference_source": "",
      "covered_by_official_directory": true,
      "cik": "",
      "figi": "",
      "lei": ""
    },
    {
      "listing_key": "TWSE::00898",
      "ticker": "00898",
      "exchange": "TWSE",
      "asset_type": "ETF",
      "name": "Cathay Genomics Immunology Revolution ETF",
      "country": "Taiwan",
      "country_code": "TW",
      "isin": "",
      "sector": "",
      "status": "missing_from_official",
      "reason": "Symbol is absent from the active official exchange directory for this exchange.",
      "official_reference_name": "",
      "official_reference_source": "",
      "covered_by_official_directory": true,
      "cik": "",
      "figi": "",
      "lei": ""
    }
  ],
  "json_out": "data/etf_verification/run-20260406-etf-100/chunk-64-of-100.json",
  "csv_out": "data/etf_verification/run-20260406-etf-100/chunk-64-of-100.csv"
}
