{
  "chunk_index": 3,
  "chunk_count": 100,
  "items": 168,
  "status_counts": {
    "cross_exchange_collision": 4,
    "missing_from_official": 2,
    "name_mismatch": 1,
    "reference_gap": 108,
    "verified": 53
  },
  "finding_examples": [
    {
      "listing_key": "BATS::HTUS",
      "ticker": "HTUS",
      "exchange": "BATS",
      "asset_type": "ETF",
      "name": "Capitol Series Trust",
      "country": "United States",
      "country_code": "US",
      "isin": "US3015058064",
      "sector": "Large Cap",
      "status": "name_mismatch",
      "reason": "Dataset name does not match official exchange directory name.",
      "official_reference_name": "Hull Tactical US ETF",
      "official_reference_source": "nasdaq_other_listed",
      "covered_by_official_directory": true,
      "cik": "",
      "figi": "",
      "lei": ""
    },
    {
      "listing_key": "TWSE::00683L",
      "ticker": "00683L",
      "exchange": "TWSE",
      "asset_type": "ETF",
      "name": "Yuanta S&P US Dollar 2x Leverage ER Futures",
      "country": "Taiwan",
      "country_code": "TW",
      "isin": "TW00000683L1",
      "sector": "",
      "status": "missing_from_official",
      "reason": "Symbol is absent from the active official exchange directory for this exchange.",
      "official_reference_name": "",
      "official_reference_source": "",
      "covered_by_official_directory": true,
      "cik": "",
      "figi": "",
      "lei": ""
    },
    {
      "listing_key": "TWSE::00945B",
      "ticker": "00945B",
      "exchange": "TWSE",
      "asset_type": "ETF",
      "name": "KGI SECURITIES INVT TST CO LTD",
      "country": "Taiwan",
      "country_code": "TW",
      "isin": "",
      "sector": "",
      "status": "missing_from_official",
      "reason": "Symbol is absent from the active official exchange directory for this exchange.",
      "official_reference_name": "",
      "official_reference_source": "",
      "covered_by_official_directory": true,
      "cik": "",
      "figi": "",
      "lei": ""
    }
  ],
  "json_out": "data/etf_verification/run-20260406-etf-100/chunk-03-of-100.json",
  "csv_out": "data/etf_verification/run-20260406-etf-100/chunk-03-of-100.csv"
}
