{
  "chunk_index": 30,
  "chunk_count": 100,
  "items": 167,
  "status_counts": {
    "cross_exchange_collision": 1,
    "missing_from_official": 2,
    "name_mismatch": 1,
    "reference_gap": 108,
    "verified": 55
  },
  "finding_examples": [
    {
      "listing_key": "NYSE ARCA::NRGU",
      "ticker": "NRGU",
      "exchange": "NYSE ARCA",
      "asset_type": "ETF",
      "name": "Bank of Montreal",
      "country": "Canada",
      "country_code": "CA",
      "isin": "CA08660Y2087",
      "sector": "Financials",
      "status": "name_mismatch",
      "reason": "Dataset name does not match official exchange directory name.",
      "official_reference_name": "MicroSectors U.S. Big Oil 3 Leveraged ETNs due February 17, 2045",
      "official_reference_source": "nasdaq_other_listed",
      "covered_by_official_directory": true,
      "cik": "0000927971",
      "figi": "",
      "lei": ""
    },
    {
      "listing_key": "TWSE::00733",
      "ticker": "00733",
      "exchange": "TWSE",
      "asset_type": "ETF",
      "name": "Fubon Taiwan Small-Mid Cap Alpha Momentum 50 ETF",
      "country": "Taiwan",
      "country_code": "TW",
      "isin": "TW0000073303",
      "sector": "",
      "status": "missing_from_official",
      "reason": "Symbol is absent from the active official exchange directory for this exchange.",
      "official_reference_name": "",
      "official_reference_source": "",
      "covered_by_official_directory": true,
      "cik": "",
      "figi": "",
      "lei": ""
    },
    {
      "listing_key": "TWSE::009812",
      "ticker": "009812",
      "exchange": "TWSE",
      "asset_type": "ETF",
      "name": "Nomura Japan TOPIX ETF",
      "country": "Taiwan",
      "country_code": "TW",
      "isin": "",
      "sector": "",
      "status": "missing_from_official",
      "reason": "Symbol is absent from the active official exchange directory for this exchange.",
      "official_reference_name": "",
      "official_reference_source": "",
      "covered_by_official_directory": true,
      "cik": "",
      "figi": "",
      "lei": ""
    }
  ],
  "json_out": "data/etf_verification/run-20260406-etf-100/chunk-30-of-100.json",
  "csv_out": "data/etf_verification/run-20260406-etf-100/chunk-30-of-100.csv"
}
