{
  "chunk_index": 35,
  "chunk_count": 100,
  "items": 167,
  "status_counts": {
    "cross_exchange_collision": 2,
    "missing_from_official": 2,
    "name_mismatch": 1,
    "reference_gap": 108,
    "verified": 54
  },
  "finding_examples": [
    {
      "listing_key": "BATS::SEPM",
      "ticker": "SEPM",
      "exchange": "BATS",
      "asset_type": "ETF",
      "name": "SEPM",
      "country": "United States",
      "country_code": "US",
      "isin": "",
      "sector": "",
      "status": "name_mismatch",
      "reason": "Dataset name does not match official exchange directory name.",
      "official_reference_name": "FT Vest U.S. Equity Max Buffer ETF - September",
      "official_reference_source": "nasdaq_other_listed",
      "covered_by_official_directory": true,
      "cik": "",
      "figi": "",
      "lei": ""
    },
    {
      "listing_key": "TWSE::00739",
      "ticker": "00739",
      "exchange": "TWSE",
      "asset_type": "ETF",
      "name": "Yuanta MSCI China A",
      "country": "Taiwan",
      "country_code": "TW",
      "isin": "TW0000073907",
      "sector": "",
      "status": "missing_from_official",
      "reason": "Symbol is absent from the active official exchange directory for this exchange.",
      "official_reference_name": "",
      "official_reference_source": "",
      "covered_by_official_directory": true,
      "cik": "",
      "figi": "",
      "lei": ""
    },
    {
      "listing_key": "TWSE::00981A",
      "ticker": "00981A",
      "exchange": "TWSE",
      "asset_type": "ETF",
      "name": "UPAMC Taiwan Growth Active ETF",
      "country": "Taiwan",
      "country_code": "TW",
      "isin": "",
      "sector": "",
      "status": "missing_from_official",
      "reason": "Symbol is absent from the active official exchange directory for this exchange.",
      "official_reference_name": "",
      "official_reference_source": "",
      "covered_by_official_directory": true,
      "cik": "",
      "figi": "",
      "lei": ""
    }
  ],
  "json_out": "data/etf_verification/run-20260406-etf-100/chunk-35-of-100.json",
  "csv_out": "data/etf_verification/run-20260406-etf-100/chunk-35-of-100.csv"
}
