{
  "chunk_index": 79,
  "chunk_count": 100,
  "items": 167,
  "status_counts": {
    "cross_exchange_collision": 3,
    "name_mismatch": 3,
    "reference_gap": 110,
    "verified": 51
  },
  "finding_examples": [
    {
      "listing_key": "BATS::ABLG",
      "ticker": "ABLG",
      "exchange": "BATS",
      "asset_type": "ETF",
      "name": "ABLG",
      "country": "United States",
      "country_code": "US",
      "isin": "US89628W4015",
      "sector": "",
      "status": "name_mismatch",
      "reason": "Dataset name does not match official exchange directory name.",
      "official_reference_name": "Abacus FCF International Leaders ETF",
      "official_reference_source": "nasdaq_other_listed",
      "covered_by_official_directory": true,
      "cik": "",
      "figi": "",
      "lei": ""
    },
    {
      "listing_key": "BATS::GTOC",
      "ticker": "GTOC",
      "exchange": "BATS",
      "asset_type": "ETF",
      "name": "GTOC",
      "country": "United States",
      "country_code": "US",
      "isin": "",
      "sector": "",
      "status": "name_mismatch",
      "reason": "Dataset name does not match official exchange directory name.",
      "official_reference_name": "Invesco Core Fixed Income ETF",
      "official_reference_source": "nasdaq_other_listed",
      "covered_by_official_directory": true,
      "cik": "",
      "figi": "",
      "lei": ""
    },
    {
      "listing_key": "NYSE ARCA::PRIV",
      "ticker": "PRIV",
      "exchange": "NYSE ARCA",
      "asset_type": "ETF",
      "name": "SSGA Active Trust",
      "country": "United States",
      "country_code": "US",
      "isin": "",
      "sector": "",
      "status": "name_mismatch",
      "reason": "Dataset name does not match official exchange directory name.",
      "official_reference_name": "State Street IG Public & Private Credit ETF",
      "official_reference_source": "nasdaq_other_listed",
      "covered_by_official_directory": true,
      "cik": "",
      "figi": "",
      "lei": ""
    }
  ],
  "json_out": "data/etf_verification/run-20260406-etf-100-clean/chunk-79-of-100.json",
  "csv_out": "data/etf_verification/run-20260406-etf-100-clean/chunk-79-of-100.csv"
}
