{
  "chunk_index": 9,
  "chunk_count": 100,
  "items": 168,
  "status_counts": {
    "cross_exchange_collision": 3,
    "name_mismatch": 2,
    "reference_gap": 111,
    "verified": 52
  },
  "finding_examples": [
    {
      "listing_key": "NYSE ARCA::ACLC",
      "ticker": "ACLC",
      "exchange": "NYSE ARCA",
      "asset_type": "ETF",
      "name": "ACLC",
      "country": "United States",
      "country_code": "US",
      "isin": "",
      "sector": "",
      "status": "name_mismatch",
      "reason": "Dataset name does not match official exchange directory name.",
      "official_reference_name": "American Century Large Cap Equity ETF",
      "official_reference_source": "nasdaq_other_listed",
      "covered_by_official_directory": true,
      "cik": "",
      "figi": "",
      "lei": ""
    },
    {
      "listing_key": "NYSE ARCA::RJMI",
      "ticker": "RJMI",
      "exchange": "NYSE ARCA",
      "asset_type": "ETF",
      "name": "Carillon Series Trust",
      "country": "United States",
      "country_code": "US",
      "isin": "",
      "sector": "",
      "status": "name_mismatch",
      "reason": "Dataset name does not match official exchange directory name.",
      "official_reference_name": "RJ Eagle Municipal Income ETF",
      "official_reference_source": "nasdaq_other_listed",
      "covered_by_official_directory": true,
      "cik": "",
      "figi": "",
      "lei": ""
    }
  ],
  "json_out": "data/etf_verification/run-20260406-etf-100-clean/chunk-09-of-100.json",
  "csv_out": "data/etf_verification/run-20260406-etf-100-clean/chunk-09-of-100.csv"
}
