{
  "chunk_index": 71,
  "chunk_count": 100,
  "items": 167,
  "status_counts": {
    "cross_exchange_collision": 1,
    "name_mismatch": 2,
    "reference_gap": 111,
    "verified": 53
  },
  "finding_examples": [
    {
      "listing_key": "NYSE ARCA::CBLS",
      "ticker": "CBLS",
      "exchange": "NYSE ARCA",
      "asset_type": "ETF",
      "name": "Elevation Series Trust",
      "country": "United States",
      "country_code": "US",
      "isin": "US53656F6491",
      "sector": "",
      "status": "name_mismatch",
      "reason": "Dataset name does not match official exchange directory name.",
      "official_reference_name": "Clough Hedged Equity ETF",
      "official_reference_source": "nasdaq_other_listed",
      "covered_by_official_directory": true,
      "cik": "",
      "figi": "",
      "lei": ""
    },
    {
      "listing_key": "NYSE ARCA::DFTT",
      "ticker": "DFTT",
      "exchange": "NYSE ARCA",
      "asset_type": "ETF",
      "name": "Northern Lights Fund Trust",
      "country": "United States",
      "country_code": "US",
      "isin": "",
      "sector": "",
      "status": "name_mismatch",
      "reason": "Dataset name does not match official exchange directory name.",
      "official_reference_name": "DF Tactical 30 ETF",
      "official_reference_source": "nasdaq_other_listed",
      "covered_by_official_directory": true,
      "cik": "",
      "figi": "",
      "lei": ""
    }
  ],
  "json_out": "data/etf_verification/run-20260406-etf-100-clean/chunk-71-of-100.json",
  "csv_out": "data/etf_verification/run-20260406-etf-100-clean/chunk-71-of-100.csv"
}
