{
  "chunk_index": 26,
  "chunk_count": 100,
  "items": 167,
  "status_counts": {
    "cross_exchange_collision": 1,
    "name_mismatch": 2,
    "reference_gap": 112,
    "verified": 52
  },
  "finding_examples": [
    {
      "listing_key": "BATS::IBMS",
      "ticker": "IBMS",
      "exchange": "BATS",
      "asset_type": "ETF",
      "name": "IBMS",
      "country": "United States",
      "country_code": "US",
      "isin": "",
      "sector": "",
      "status": "name_mismatch",
      "reason": "Dataset name does not match official exchange directory name.",
      "official_reference_name": "iShares iBonds Dec 2030 Term Muni Bond ETF",
      "official_reference_source": "nasdaq_other_listed",
      "covered_by_official_directory": true,
      "cik": "",
      "figi": "",
      "lei": ""
    },
    {
      "listing_key": "BATS::TSEP",
      "ticker": "TSEP",
      "exchange": "BATS",
      "asset_type": "ETF",
      "name": "TSEP",
      "country": "United States",
      "country_code": "US",
      "isin": "",
      "sector": "",
      "status": "name_mismatch",
      "reason": "Dataset name does not match official exchange directory name.",
      "official_reference_name": "FT Vest Emerging Market Buffer ETF - September",
      "official_reference_source": "nasdaq_other_listed",
      "covered_by_official_directory": true,
      "cik": "",
      "figi": "",
      "lei": ""
    }
  ],
  "json_out": "data/etf_verification/run-20260406-etf-100-clean/chunk-26-of-100.json",
  "csv_out": "data/etf_verification/run-20260406-etf-100-clean/chunk-26-of-100.csv"
}
