{
  "chunk_index": 42,
  "chunk_count": 100,
  "items": 167,
  "status_counts": {
    "cross_exchange_collision": 5,
    "name_mismatch": 5,
    "reference_gap": 113,
    "verified": 44
  },
  "finding_examples": [
    {
      "listing_key": "BATS::COII",
      "ticker": "COII",
      "exchange": "BATS",
      "asset_type": "ETF",
      "name": "COII",
      "country": "United States",
      "country_code": "US",
      "isin": "XS2901886445",
      "sector": "",
      "status": "name_mismatch",
      "reason": "Dataset name does not match official exchange directory name.",
      "official_reference_name": "REX COIN Growth & Income ETF",
      "official_reference_source": "nasdaq_other_listed",
      "covered_by_official_directory": true,
      "cik": "",
      "figi": "",
      "lei": ""
    },
    {
      "listing_key": "BATS::LFBE",
      "ticker": "LFBE",
      "exchange": "BATS",
      "asset_type": "ETF",
      "name": "Stone Ridge Trust Stone Ridge 2",
      "country": "United States",
      "country_code": "US",
      "isin": "",
      "sector": "",
      "status": "name_mismatch",
      "reason": "Dataset name does not match official exchange directory name.",
      "official_reference_name": "LifeX 2065 Longevity Income ETF",
      "official_reference_source": "nasdaq_other_listed",
      "covered_by_official_directory": true,
      "cik": "",
      "figi": "",
      "lei": ""
    },
    {
      "listing_key": "NYSE ARCA::BTR",
      "ticker": "BTR",
      "exchange": "NYSE ARCA",
      "asset_type": "ETF",
      "name": "Northern Lights Fund Trust II",
      "country": "Australia",
      "country_code": "AU",
      "isin": "AU0000126633",
      "sector": "Materials",
      "status": "name_mismatch",
      "reason": "Dataset name does not match official exchange directory name.",
      "official_reference_name": "Beacon Tactical Risk ETF",
      "official_reference_source": "nasdaq_other_listed",
      "covered_by_official_directory": true,
      "cik": "",
      "figi": "",
      "lei": ""
    },
    {
      "listing_key": "NYSE ARCA::LCR",
      "ticker": "LCR",
      "exchange": "NYSE ARCA",
      "asset_type": "ETF",
      "name": "Managed Portfolio Series",
      "country": "United States",
      "country_code": "US",
      "isin": "US5272897894",
      "sector": "Factors",
      "status": "name_mismatch",
      "reason": "Dataset name does not match official exchange directory name.",
      "official_reference_name": "Leuthold Core ETF",
      "official_reference_source": "nasdaq_other_listed",
      "covered_by_official_directory": true,
      "cik": "",
      "figi": "",
      "lei": ""
    },
    {
      "listing_key": "NYSE ARCA::VMSB",
      "ticker": "VMSB",
      "exchange": "NYSE ARCA",
      "asset_type": "ETF",
      "name": "Tidal Trust IV",
      "country": "United States",
      "country_code": "US",
      "isin": "",
      "sector": "",
      "status": "name_mismatch",
      "reason": "Dataset name does not match official exchange directory name.",
      "official_reference_name": "Voya Multi-Sector Income ETF",
      "official_reference_source": "nasdaq_other_listed",
      "covered_by_official_directory": true,
      "cik": "",
      "figi": "",
      "lei": ""
    }
  ],
  "json_out": "data/etf_verification/run-20260406-etf-100-clean/chunk-42-of-100.json",
  "csv_out": "data/etf_verification/run-20260406-etf-100-clean/chunk-42-of-100.csv"
}
