{
  "chunk_index": 6,
  "chunk_count": 100,
  "items": 168,
  "status_counts": {
    "asset_type_mismatch": 1,
    "cross_exchange_collision": 3,
    "name_mismatch": 2,
    "reference_gap": 107,
    "verified": 55
  },
  "finding_examples": [
    {
      "listing_key": "Euronext::DISL",
      "ticker": "DISL",
      "exchange": "Euronext",
      "asset_type": "ETF",
      "name": "Immobiliere Distri-Land NV",
      "country": "Belgium",
      "country_code": "BE",
      "isin": "BE0003605160",
      "sector": "Real Estate",
      "status": "asset_type_mismatch",
      "reason": "Dataset asset_type=ETF but official reference says Stock.",
      "official_reference_name": "DISTRI-LAND CERT",
      "official_reference_source": "euronext_equities",
      "covered_by_official_directory": true,
      "cik": "",
      "figi": "BBG000BRPN72",
      "lei": ""
    },
    {
      "listing_key": "NYSE ARCA::ACGR",
      "ticker": "ACGR",
      "exchange": "NYSE ARCA",
      "asset_type": "ETF",
      "name": "ACGR",
      "country": "United States",
      "country_code": "US",
      "isin": "",
      "sector": "",
      "status": "name_mismatch",
      "reason": "Dataset name does not match official exchange directory name.",
      "official_reference_name": "American Century Large Cap Growth ETF",
      "official_reference_source": "nasdaq_other_listed",
      "covered_by_official_directory": true,
      "cik": "",
      "figi": "",
      "lei": ""
    },
    {
      "listing_key": "NYSE ARCA::DANA",
      "ticker": "DANA",
      "exchange": "NYSE ARCA",
      "asset_type": "ETF",
      "name": "Tidal Trust I",
      "country": "United States",
      "country_code": "US",
      "isin": "",
      "sector": "",
      "status": "name_mismatch",
      "reason": "Dataset name does not match official exchange directory name.",
      "official_reference_name": "Dana Limited Volatility ETF",
      "official_reference_source": "nasdaq_other_listed",
      "covered_by_official_directory": true,
      "cik": "",
      "figi": "",
      "lei": ""
    }
  ],
  "json_out": "data/etf_verification/run-20260406-etf-100-clean/chunk-06-of-100.json",
  "csv_out": "data/etf_verification/run-20260406-etf-100-clean/chunk-06-of-100.csv"
}
