{
  "chunk_index": 91,
  "chunk_count": 100,
  "items": 167,
  "status_counts": {
    "cross_exchange_collision": 3,
    "name_mismatch": 1,
    "reference_gap": 111,
    "verified": 52
  },
  "finding_examples": [
    {
      "listing_key": "NYSE ARCA::SSPY",
      "ticker": "SSPY",
      "exchange": "NYSE ARCA",
      "asset_type": "ETF",
      "name": "Exchange Listed Funds Trust",
      "country": "United States",
      "country_code": "US",
      "isin": "US87166N1063",
      "sector": "Large Cap",
      "status": "name_mismatch",
      "reason": "Dataset name does not match official exchange directory name.",
      "official_reference_name": "Stratified LargeCap Index ETF",
      "official_reference_source": "nasdaq_other_listed",
      "covered_by_official_directory": true,
      "cik": "",
      "figi": "",
      "lei": ""
    }
  ],
  "json_out": "data/etf_verification/run-20260406-etf-100-clean/chunk-91-of-100.json",
  "csv_out": "data/etf_verification/run-20260406-etf-100-clean/chunk-91-of-100.csv"
}
