{
  "chunk_index": 63,
  "chunk_count": 100,
  "items": 167,
  "status_counts": {
    "cross_exchange_collision": 2,
    "name_mismatch": 2,
    "reference_gap": 110,
    "verified": 53
  },
  "finding_examples": [
    {
      "listing_key": "NYSE ARCA::ETFT",
      "ticker": "ETFT",
      "exchange": "NYSE ARCA",
      "asset_type": "ETF",
      "name": "ALPS Series Trust",
      "country": "United States",
      "country_code": "US",
      "isin": "",
      "sector": "",
      "status": "name_mismatch",
      "reason": "Dataset name does not match official exchange directory name.",
      "official_reference_name": "Fundsmith Equity ETF",
      "official_reference_source": "nasdaq_other_listed",
      "covered_by_official_directory": true,
      "cik": "",
      "figi": "",
      "lei": ""
    },
    {
      "listing_key": "NYSE ARCA::MRSK",
      "ticker": "MRSK",
      "exchange": "NYSE ARCA",
      "asset_type": "ETF",
      "name": "Northern Lights Fund Trust",
      "country": "United States",
      "country_code": "US",
      "isin": "US66538J7202",
      "sector": "",
      "status": "name_mismatch",
      "reason": "Dataset name does not match official exchange directory name.",
      "official_reference_name": "Toews Agility Shares Managed Risk ETF",
      "official_reference_source": "nasdaq_other_listed",
      "covered_by_official_directory": true,
      "cik": "",
      "figi": "",
      "lei": ""
    }
  ],
  "json_out": "data/etf_verification/run-20260406-etf-100-clean/chunk-63-of-100.json",
  "csv_out": "data/etf_verification/run-20260406-etf-100-clean/chunk-63-of-100.csv"
}
