{
  "chunk_index": 21,
  "chunk_count": 100,
  "items": 167,
  "status_counts": {
    "cross_exchange_collision": 1,
    "name_mismatch": 1,
    "reference_gap": 112,
    "verified": 53
  },
  "finding_examples": [
    {
      "listing_key": "NYSE ARCA::CLOX",
      "ticker": "CLOX",
      "exchange": "NYSE ARCA",
      "asset_type": "ETF",
      "name": "Series Portfolios Trust",
      "country": "United States",
      "country_code": "US",
      "isin": "US81752T4866",
      "sector": "",
      "status": "name_mismatch",
      "reason": "Dataset name does not match official exchange directory name.",
      "official_reference_name": "Eldridge AAA CLO ETF",
      "official_reference_source": "nasdaq_other_listed",
      "covered_by_official_directory": true,
      "cik": "",
      "figi": "",
      "lei": ""
    }
  ],
  "json_out": "data/etf_verification/run-20260406-etf-100-clean/chunk-21-of-100.json",
  "csv_out": "data/etf_verification/run-20260406-etf-100-clean/chunk-21-of-100.csv"
}
