{
  "chunk_index": 74,
  "chunk_count": 100,
  "items": 167,
  "status_counts": {
    "cross_exchange_collision": 1,
    "name_mismatch": 2,
    "reference_gap": 112,
    "verified": 52
  },
  "finding_examples": [
    {
      "listing_key": "NYSE ARCA::PRAE",
      "ticker": "PRAE",
      "exchange": "NYSE ARCA",
      "asset_type": "ETF",
      "name": "Northern Lights Fund Trust III",
      "country": "Luxembourg",
      "country_code": "LU",
      "isin": "LU2089238039",
      "sector": "Large Cap",
      "status": "name_mismatch",
      "reason": "Dataset name does not match official exchange directory name.",
      "official_reference_name": "PlanRock Alternative Growth ETF",
      "official_reference_source": "nasdaq_other_listed",
      "covered_by_official_directory": true,
      "cik": "",
      "figi": "",
      "lei": ""
    },
    {
      "listing_key": "NYSE ARCA::SAGP",
      "ticker": "SAGP",
      "exchange": "NYSE ARCA",
      "asset_type": "ETF",
      "name": "The Advisorsa Inner Circle Fund III",
      "country": "United States",
      "country_code": "US",
      "isin": "US00775Y6529",
      "sector": "",
      "status": "name_mismatch",
      "reason": "Dataset name does not match official exchange directory name.",
      "official_reference_name": "Strategas Global Policy Opportunities ETF",
      "official_reference_source": "nasdaq_other_listed",
      "covered_by_official_directory": true,
      "cik": "",
      "figi": "",
      "lei": ""
    }
  ],
  "json_out": "data/etf_verification/run-20260406-etf-100-clean/chunk-74-of-100.json",
  "csv_out": "data/etf_verification/run-20260406-etf-100-clean/chunk-74-of-100.csv"
}
