{
  "chunk_index": 86,
  "chunk_count": 100,
  "items": 167,
  "status_counts": {
    "cross_exchange_collision": 4,
    "name_mismatch": 1,
    "reference_gap": 110,
    "verified": 52
  },
  "finding_examples": [
    {
      "listing_key": "NYSE ARCA::LST",
      "ticker": "LST",
      "exchange": "NYSE ARCA",
      "asset_type": "ETF",
      "name": "Managed Portfolio Series",
      "country": "United Kingdom",
      "country_code": "GB",
      "isin": "GB00BNDQJN14",
      "sector": "Consumer Staples",
      "status": "name_mismatch",
      "reason": "Dataset name does not match official exchange directory name.",
      "official_reference_name": "Leuthold Select Industries ETF",
      "official_reference_source": "nasdaq_other_listed",
      "covered_by_official_directory": true,
      "cik": "",
      "figi": "",
      "lei": ""
    }
  ],
  "json_out": "data/etf_verification/run-20260406-etf-100-clean/chunk-86-of-100.json",
  "csv_out": "data/etf_verification/run-20260406-etf-100-clean/chunk-86-of-100.csv"
}
