{
  "chunk_index": 8,
  "chunk_count": 100,
  "items": 168,
  "status_counts": {
    "cross_exchange_collision": 1,
    "name_mismatch": 2,
    "reference_gap": 109,
    "verified": 56
  },
  "finding_examples": [
    {
      "listing_key": "BATS::MSTK",
      "ticker": "MSTK",
      "exchange": "BATS",
      "asset_type": "ETF",
      "name": "MSTK",
      "country": "United States",
      "country_code": "US",
      "isin": "",
      "sector": "",
      "status": "name_mismatch",
      "reason": "Dataset name does not match official exchange directory name.",
      "official_reference_name": "Tuttle Capital MSTR 0DTE Covered Call ETF",
      "official_reference_source": "nasdaq_other_listed",
      "covered_by_official_directory": true,
      "cik": "",
      "figi": "",
      "lei": ""
    },
    {
      "listing_key": "NYSE ARCA::RJDI",
      "ticker": "RJDI",
      "exchange": "NYSE ARCA",
      "asset_type": "ETF",
      "name": "Carillon Series Trust",
      "country": "United States",
      "country_code": "US",
      "isin": "",
      "sector": "",
      "status": "name_mismatch",
      "reason": "Dataset name does not match official exchange directory name.",
      "official_reference_name": "RJ Eagle GCM Dividend Select Income ETF",
      "official_reference_source": "nasdaq_other_listed",
      "covered_by_official_directory": true,
      "cik": "",
      "figi": "",
      "lei": ""
    }
  ],
  "json_out": "data/etf_verification/run-20260406-etf-100-clean/chunk-08-of-100.json",
  "csv_out": "data/etf_verification/run-20260406-etf-100-clean/chunk-08-of-100.csv"
}
