{
  "chunk_index": 14,
  "chunk_count": 100,
  "items": 168,
  "status_counts": {
    "cross_exchange_collision": 2,
    "name_mismatch": 1,
    "reference_gap": 113,
    "verified": 52
  },
  "finding_examples": [
    {
      "listing_key": "NYSE ARCA::PCLG",
      "ticker": "PCLG",
      "exchange": "NYSE ARCA",
      "asset_type": "ETF",
      "name": "FundVantage Trust",
      "country": "United States",
      "country_code": "US",
      "isin": "",
      "sector": "",
      "status": "name_mismatch",
      "reason": "Dataset name does not match official exchange directory name.",
      "official_reference_name": "Polen Focus Growth ETF",
      "official_reference_source": "nasdaq_other_listed",
      "covered_by_official_directory": true,
      "cik": "",
      "figi": "",
      "lei": ""
    }
  ],
  "json_out": "data/etf_verification/run-20260406-etf-100-clean/chunk-14-of-100.json",
  "csv_out": "data/etf_verification/run-20260406-etf-100-clean/chunk-14-of-100.csv"
}
