{
  "chunk_index": 73,
  "chunk_count": 100,
  "items": 167,
  "status_counts": {
    "cross_exchange_collision": 1,
    "name_mismatch": 2,
    "reference_gap": 111,
    "verified": 53
  },
  "finding_examples": [
    {
      "listing_key": "NYSE ARCA::PRAB",
      "ticker": "PRAB",
      "exchange": "NYSE ARCA",
      "asset_type": "ETF",
      "name": "SSGA Active Trust",
      "country": "Luxembourg",
      "country_code": "LU",
      "isin": "LU2233156582",
      "sector": "Consumer Discretionary",
      "status": "name_mismatch",
      "reason": "Dataset name does not match official exchange directory name.",
      "official_reference_name": "State Street IG Public & Private ABS ETF",
      "official_reference_source": "nasdaq_other_listed",
      "covered_by_official_directory": true,
      "cik": "",
      "figi": "",
      "lei": ""
    },
    {
      "listing_key": "NYSE ARCA::VUSI",
      "ticker": "VUSI",
      "exchange": "NYSE ARCA",
      "asset_type": "ETF",
      "name": "Tidal Trust IV",
      "country": "United States",
      "country_code": "US",
      "isin": "",
      "sector": "",
      "status": "name_mismatch",
      "reason": "Dataset name does not match official exchange directory name.",
      "official_reference_name": "Voya Ultra Short Income ETF",
      "official_reference_source": "nasdaq_other_listed",
      "covered_by_official_directory": true,
      "cik": "",
      "figi": "",
      "lei": ""
    }
  ],
  "json_out": "data/etf_verification/run-20260406-etf-100-clean/chunk-73-of-100.json",
  "csv_out": "data/etf_verification/run-20260406-etf-100-clean/chunk-73-of-100.csv"
}
