{
  "chunk_index": 67,
  "chunk_count": 100,
  "items": 167,
  "status_counts": {
    "cross_exchange_collision": 1,
    "name_mismatch": 2,
    "reference_gap": 113,
    "verified": 51
  },
  "finding_examples": [
    {
      "listing_key": "BATS::ZVOL",
      "ticker": "ZVOL",
      "exchange": "BATS",
      "asset_type": "ETF",
      "name": "ZVOL",
      "country": "United States",
      "country_code": "US",
      "isin": "US92864M2026",
      "sector": "",
      "status": "name_mismatch",
      "reason": "Dataset name does not match official exchange directory name.",
      "official_reference_name": "Volatility Premium Plus ETF",
      "official_reference_source": "nasdaq_other_listed",
      "covered_by_official_directory": true,
      "cik": "",
      "figi": "",
      "lei": ""
    },
    {
      "listing_key": "NYSE ARCA::THY",
      "ticker": "THY",
      "exchange": "NYSE ARCA",
      "asset_type": "ETF",
      "name": "Northern Lights Fund Trust",
      "country": "United States",
      "country_code": "US",
      "isin": "US66538J7384",
      "sector": "High Yield Bonds",
      "status": "name_mismatch",
      "reason": "Dataset name does not match official exchange directory name.",
      "official_reference_name": "Toews Agility Shares Dynamic Tactical Income ETF",
      "official_reference_source": "nasdaq_other_listed",
      "covered_by_official_directory": true,
      "cik": "",
      "figi": "",
      "lei": ""
    }
  ],
  "json_out": "data/etf_verification/run-20260406-etf-100-clean/chunk-67-of-100.json",
  "csv_out": "data/etf_verification/run-20260406-etf-100-clean/chunk-67-of-100.csv"
}
