{
  "chunk_index": 98,
  "chunk_count": 100,
  "items": 167,
  "status_counts": {
    "asset_type_mismatch": 1,
    "cross_exchange_collision": 2,
    "name_mismatch": 1,
    "reference_gap": 109,
    "verified": 54
  },
  "finding_examples": [
    {
      "listing_key": "NYSE::WT",
      "ticker": "WT",
      "exchange": "NYSE",
      "asset_type": "ETF",
      "name": "WisdomTree Inc.",
      "country": "United States",
      "country_code": "US",
      "isin": "US97717P1049",
      "sector": "Financials",
      "status": "asset_type_mismatch",
      "reason": "Dataset asset_type=ETF but official reference says Stock.",
      "official_reference_name": "WisdomTree, Inc. Common Stock",
      "official_reference_source": "nasdaq_other_listed",
      "covered_by_official_directory": true,
      "cik": "0000880631",
      "figi": "",
      "lei": "549300WIU8IS7UFO7871"
    },
    {
      "listing_key": "NYSE ARCA::WMSB",
      "ticker": "WMSB",
      "exchange": "NYSE ARCA",
      "asset_type": "ETF",
      "name": "Northern Lights Fund Trust II",
      "country": "United States",
      "country_code": "US",
      "isin": "",
      "sector": "",
      "status": "name_mismatch",
      "reason": "Dataset name does not match official exchange directory name.",
      "official_reference_name": "Weitz Multisector Bond ETF",
      "official_reference_source": "nasdaq_other_listed",
      "covered_by_official_directory": true,
      "cik": "",
      "figi": "",
      "lei": ""
    }
  ],
  "json_out": "data/etf_verification/run-20260406-etf-100-clean/chunk-98-of-100.json",
  "csv_out": "data/etf_verification/run-20260406-etf-100-clean/chunk-98-of-100.csv"
}
