{
  "chunk_index": 95,
  "chunk_count": 100,
  "items": 167,
  "status_counts": {
    "cross_exchange_collision": 3,
    "name_mismatch": 1,
    "reference_gap": 110,
    "verified": 53
  },
  "finding_examples": [
    {
      "listing_key": "NYSE ARCA::PTL",
      "ticker": "PTL",
      "exchange": "NYSE ARCA",
      "asset_type": "ETF",
      "name": "Northern Lights Fund Trust IV",
      "country": "Australia",
      "country_code": "AU",
      "isin": "AU000000PTL8",
      "sector": "Consumer Staples",
      "status": "name_mismatch",
      "reason": "Dataset name does not match official exchange directory name.",
      "official_reference_name": "Inspire 500 ETF",
      "official_reference_source": "nasdaq_other_listed",
      "covered_by_official_directory": true,
      "cik": "",
      "figi": "",
      "lei": ""
    }
  ],
  "json_out": "data/etf_verification/run-20260406-etf-100-clean/chunk-95-of-100.json",
  "csv_out": "data/etf_verification/run-20260406-etf-100-clean/chunk-95-of-100.csv"
}
