{
  "chunk_index": 3,
  "chunk_count": 100,
  "items": 168,
  "status_counts": {
    "cross_exchange_collision": 1,
    "name_mismatch": 1,
    "reference_gap": 108,
    "verified": 58
  },
  "finding_examples": [
    {
      "listing_key": "BATS::HTUS",
      "ticker": "HTUS",
      "exchange": "BATS",
      "asset_type": "ETF",
      "name": "Capitol Series Trust",
      "country": "United States",
      "country_code": "US",
      "isin": "US3015058064",
      "sector": "Large Cap",
      "status": "name_mismatch",
      "reason": "Dataset name does not match official exchange directory name.",
      "official_reference_name": "Hull Tactical US ETF",
      "official_reference_source": "nasdaq_other_listed",
      "covered_by_official_directory": true,
      "cik": "",
      "figi": "",
      "lei": ""
    }
  ],
  "json_out": "data/etf_verification/run-20260406-etf-100-clean/chunk-03-of-100.json",
  "csv_out": "data/etf_verification/run-20260406-etf-100-clean/chunk-03-of-100.csv"
}
