{
  "chunk_index": 51,
  "chunk_count": 100,
  "items": 167,
  "status_counts": {
    "cross_exchange_collision": 4,
    "name_mismatch": 2,
    "reference_gap": 109,
    "verified": 52
  },
  "finding_examples": [
    {
      "listing_key": "NYSE ARCA::AMJB",
      "ticker": "AMJB",
      "exchange": "NYSE ARCA",
      "asset_type": "ETF",
      "name": "JPMorgan Chase Financial Company LLC",
      "country": "United States",
      "country_code": "US",
      "isin": "US48133Q3092",
      "sector": "",
      "status": "name_mismatch",
      "reason": "Dataset name does not match official exchange directory name.",
      "official_reference_name": "Alerian MLP Index ETN",
      "official_reference_source": "nasdaq_other_listed",
      "covered_by_official_directory": true,
      "cik": "0000019617",
      "figi": "",
      "lei": ""
    },
    {
      "listing_key": "NYSE ARCA::BDVG",
      "ticker": "BDVG",
      "exchange": "NYSE ARCA",
      "asset_type": "ETF",
      "name": "Litman Gregory Funds Trust",
      "country": "United States",
      "country_code": "US",
      "isin": "US53700T7515",
      "sector": "",
      "status": "name_mismatch",
      "reason": "Dataset name does not match official exchange directory name.",
      "official_reference_name": "IMGP Berkshire Dividend Growth ETF",
      "official_reference_source": "nasdaq_other_listed",
      "covered_by_official_directory": true,
      "cik": "",
      "figi": "",
      "lei": ""
    }
  ],
  "json_out": "data/etf_verification/run-20260406-etf-100-clean/chunk-51-of-100.json",
  "csv_out": "data/etf_verification/run-20260406-etf-100-clean/chunk-51-of-100.csv"
}
