{
  "chunk_index": 23,
  "chunk_count": 100,
  "items": 167,
  "status_counts": {
    "cross_exchange_collision": 3,
    "name_mismatch": 1,
    "reference_gap": 111,
    "verified": 52
  },
  "finding_examples": [
    {
      "listing_key": "NYSE ARCA::FMCE",
      "ticker": "FMCE",
      "exchange": "NYSE ARCA",
      "asset_type": "ETF",
      "name": "Northern Lights Fund Trust IV",
      "country": "United States",
      "country_code": "US",
      "isin": "",
      "sector": "",
      "status": "name_mismatch",
      "reason": "Dataset name does not match official exchange directory name.",
      "official_reference_name": "FM Compounders Equity ETF",
      "official_reference_source": "nasdaq_other_listed",
      "covered_by_official_directory": true,
      "cik": "",
      "figi": "",
      "lei": ""
    }
  ],
  "json_out": "data/etf_verification/run-20260406-etf-100-clean/chunk-23-of-100.json",
  "csv_out": "data/etf_verification/run-20260406-etf-100-clean/chunk-23-of-100.csv"
}
